00:00:00.000 [INFO] [sway/main.c:295] Sway version 1.10-dev-962e1e70 (Mar 14 2025, branch 'master')
00:00:00.000 [INFO] [sway/main.c:296] wlroots version 0.19.0-dev
00:00:00.003 [INFO] [sway/main.c:81] Linux ronak-virtual-machine 6.8.0-54-generic #56~22.04.1-Ubuntu SMP PREEMPT_DYNAMIC Sat Feb  8 11:21:36 UTC 2 aarch64 aarch64 aarch64 GNU/Linux
00:00:00.003 [INFO] [sway/main.c:97] Contents of /etc/lsb-release:
00:00:00.003 [INFO] [sway/main.c:81] DISTRIB_ID=Ubuntu
00:00:00.003 [INFO] [sway/main.c:81] DISTRIB_RELEASE=22.04
00:00:00.003 [INFO] [sway/main.c:81] DISTRIB_CODENAME=jammy
00:00:00.003 [INFO] [sway/main.c:81] DISTRIB_DESCRIPTION="Ubuntu 22.04.5 LTS"
00:00:00.003 [INFO] [sway/main.c:97] Contents of /etc/os-release:
00:00:00.003 [INFO] [sway/main.c:81] PRETTY_NAME="Ubuntu 22.04.5 LTS"
00:00:00.003 [INFO] [sway/main.c:81] NAME="Ubuntu"
00:00:00.003 [INFO] [sway/main.c:81] VERSION_ID="22.04"
00:00:00.003 [INFO] [sway/main.c:81] VERSION="22.04.5 LTS (Jammy Jellyfish)"
00:00:00.003 [INFO] [sway/main.c:81] VERSION_CODENAME=jammy
00:00:00.003 [INFO] [sway/main.c:81] ID=ubuntu
00:00:00.003 [INFO] [sway/main.c:81] ID_LIKE=debian
00:00:00.003 [INFO] [sway/main.c:81] HOME_URL="https://www.ubuntu.com/"
00:00:00.003 [INFO] [sway/main.c:81] SUPPORT_URL="https://help.ubuntu.com/"
00:00:00.003 [INFO] [sway/main.c:81] BUG_REPORT_URL="https://bugs.launchpad.net/ubuntu/"
00:00:00.003 [INFO] [sway/main.c:81] PRIVACY_POLICY_URL="https://www.ubuntu.com/legal/terms-and-policies/privacy-policy"
00:00:00.003 [INFO] [sway/main.c:81] UBUNTU_CODENAME=jammy
00:00:00.003 [INFO] [sway/main.c:97] Contents of /etc/debian_version:
00:00:00.003 [INFO] [sway/main.c:81] bookworm/sid
00:00:00.003 [INFO] [sway/main.c:69] LD_LIBRARY_PATH=
00:00:00.003 [INFO] [sway/main.c:69] LD_PRELOAD=
00:00:00.003 [INFO] [sway/main.c:69] PATH=/home/ronak/.local/bin:/home/ronak/.local/bin:/home/ronak/.local/bin:/usr/local/sbin:/usr/local/bin:/usr/sbin:/usr/bin:/sbin:/bin:/usr/games:/usr/local/games:/snap/bin:/snap/bin
00:00:00.003 [INFO] [sway/main.c:69] SWAYSOCK=
00:00:00.003 [INFO] [sway/main.c:332] Starting sway version 1.10-dev-962e1e70 (Mar 14 2025, branch 'master')
00:00:00.003 [DEBUG] [sway/server.c:223] Initializing Wayland server
00:00:00.004 [INFO] [wlr] [backend/wayland/backend.c:587] Creating wayland backend
00:00:00.006 [DEBUG] [wlr] [backend/wayland/backend.c:351] Remote wayland global: wl_compositor v5
00:00:00.006 [DEBUG] [wlr] [backend/wayland/backend.c:351] Remote wayland global: wl_drm v2
00:00:00.006 [DEBUG] [wlr] [backend/wayland/backend.c:351] Remote wayland global: wl_shm v1
00:00:00.006 [DEBUG] [wlr] [backend/wayland/backend.c:351] Remote wayland global: wl_output v3
00:00:00.006 [DEBUG] [wlr] [backend/wayland/backend.c:351] Remote wayland global: zxdg_output_manager_v1 v3
00:00:00.006 [DEBUG] [wlr] [backend/wayland/backend.c:351] Remote wayland global: wl_data_device_manager v3
00:00:00.006 [DEBUG] [wlr] [backend/wayland/backend.c:351] Remote wayland global: zwp_primary_selection_device_manager_v1 v1
00:00:00.006 [DEBUG] [wlr] [backend/wayland/backend.c:351] Remote wayland global: gtk_primary_selection_device_manager v1
00:00:00.006 [DEBUG] [wlr] [backend/wayland/backend.c:351] Remote wayland global: wl_subcompositor v1
00:00:00.006 [DEBUG] [wlr] [backend/wayland/backend.c:351] Remote wayland global: xdg_wm_base v4
00:00:00.006 [DEBUG] [wlr] [backend/wayland/backend.c:351] Remote wayland global: zxdg_shell_v6 v1
00:00:00.006 [DEBUG] [wlr] [backend/wayland/backend.c:351] Remote wayland global: gtk_shell1 v5
00:00:00.006 [DEBUG] [wlr] [backend/wayland/backend.c:351] Remote wayland global: wp_viewporter v1
00:00:00.006 [DEBUG] [wlr] [backend/wayland/backend.c:351] Remote wayland global: zwp_pointer_gestures_v1 v3
00:00:00.006 [DEBUG] [wlr] [backend/wayland/backend.c:351] Remote wayland global: zwp_tablet_manager_v2 v1
00:00:00.006 [DEBUG] [wlr] [backend/wayland/backend.c:351] Remote wayland global: wl_seat v5
00:00:00.006 [DEBUG] [wlr] [backend/wayland/backend.c:351] Remote wayland global: zwp_relative_pointer_manager_v1 v1
00:00:00.006 [DEBUG] [wlr] [backend/wayland/backend.c:351] Remote wayland global: zwp_pointer_constraints_v1 v1
00:00:00.006 [DEBUG] [wlr] [backend/wayland/backend.c:351] Remote wayland global: zxdg_exporter_v1 v1
00:00:00.006 [DEBUG] [wlr] [backend/wayland/backend.c:351] Remote wayland global: zxdg_importer_v1 v1
00:00:00.006 [DEBUG] [wlr] [backend/wayland/backend.c:351] Remote wayland global: zwp_linux_dmabuf_v1 v4
00:00:00.006 [DEBUG] [wlr] [backend/wayland/backend.c:351] Remote wayland global: zwp_keyboard_shortcuts_inhibit_manager_v1 v1
00:00:00.006 [DEBUG] [wlr] [backend/wayland/backend.c:351] Remote wayland global: zwp_text_input_manager_v3 v1
00:00:00.006 [DEBUG] [wlr] [backend/wayland/backend.c:351] Remote wayland global: wp_presentation v1
00:00:00.006 [DEBUG] [wlr] [backend/wayland/backend.c:351] Remote wayland global: xdg_activation_v1 v1
00:00:00.008 [DEBUG] [wlr] [backend/wayland/seat.c:326] seat '(null)' offering pointer
00:00:00.008 [DEBUG] [wlr] [backend/wayland/seat.c:337] seat '(null)' offering keyboard
00:00:00.009 [DEBUG] [wlr] [backend/wayland/backend.c:692] Opening DRM render node /dev/dri/renderD128
00:00:00.013 [INFO] [wlr] [render/egl.c:205] Supported EGL client extensions: EGL_EXT_device_base EGL_EXT_device_enumeration EGL_EXT_device_query EGL_EXT_platform_base EGL_KHR_client_get_all_proc_addresses EGL_EXT_client_extensions EGL_KHR_debug EGL_EXT_platform_device EGL_EXT_platform_wayland EGL_KHR_platform_wayland EGL_EXT_platform_x11 EGL_KHR_platform_x11 EGL_EXT_platform_xcb EGL_MESA_platform_gbm EGL_KHR_platform_gbm EGL_MESA_platform_surfaceless
00:00:00.014 [DEBUG] [wlr] [render/egl.c:523] Using EGL device /dev/dri/card1
00:00:00.138 [INFO] [wlr] [render/egl.c:369] Using EGL 1.4
00:00:00.138 [INFO] [wlr] [render/egl.c:370] Supported EGL display extensions: EGL_ANDROID_blob_cache EGL_ANDROID_native_fence_sync EGL_EXT_image_dma_buf_import EGL_EXT_image_dma_buf_import_modifiers EGL_KHR_cl_event2 EGL_KHR_config_attribs EGL_KHR_context_flush_control EGL_KHR_create_context EGL_KHR_create_context_no_error EGL_KHR_fence_sync EGL_KHR_get_all_proc_addresses EGL_KHR_gl_colorspace EGL_KHR_gl_renderbuffer_image EGL_KHR_gl_texture_2D_image EGL_KHR_gl_texture_3D_image EGL_KHR_gl_texture_cubemap_image EGL_KHR_image_base EGL_KHR_no_config_context EGL_KHR_reusable_sync EGL_KHR_surfaceless_context EGL_EXT_pixel_format_float EGL_KHR_wait_sync EGL_MESA_configless_context EGL_MESA_drm_image EGL_MESA_image_dma_buf_export EGL_MESA_query_driver EGL_WL_bind_wayland_display 
00:00:00.138 [INFO] [wlr] [render/egl.c:372] Supported EGL device extensions: EGL_EXT_device_drm EGL_EXT_device_drm_render_node
00:00:00.138 [INFO] [wlr] [render/egl.c:374] EGL vendor: Mesa Project
00:00:00.138 [DEBUG] [wlr] [render/egl.c:120] Supported DMA-BUF formats:
00:00:00.138 [DEBUG] [wlr] [render/egl.c:169]   AB4H (0x48344241)
00:00:00.138 [DEBUG] [wlr] [render/egl.c:103]     INVALID (0x00FFFFFFFFFFFFFF): ✓ texture  ✓ render
00:00:00.138 [DEBUG] [wlr] [render/egl.c:103]     LINEAR (0x0000000000000000): ✓ texture  ✓ render
00:00:00.138 [DEBUG] [wlr] [render/egl.c:169]   AB48 (0x38344241)
00:00:00.138 [DEBUG] [wlr] [render/egl.c:103]     INVALID (0x00FFFFFFFFFFFFFF): ✓ texture  ✓ render
00:00:00.138 [DEBUG] [wlr] [render/egl.c:103]     LINEAR (0x0000000000000000): ✓ texture  ✓ render
00:00:00.138 [DEBUG] [wlr] [render/egl.c:169]   AB30 (0x30334241)
00:00:00.138 [DEBUG] [wlr] [render/egl.c:103]     INVALID (0x00FFFFFFFFFFFFFF): ✓ texture  ✓ render
00:00:00.138 [DEBUG] [wlr] [render/egl.c:103]     LINEAR (0x0000000000000000): ✓ texture  ✓ render
00:00:00.138 [DEBUG] [wlr] [render/egl.c:169]   AR24 (0x34325241)
00:00:00.138 [DEBUG] [wlr] [render/egl.c:103]     INVALID (0x00FFFFFFFFFFFFFF): ✓ texture  ✓ render
00:00:00.138 [DEBUG] [wlr] [render/egl.c:103]     LINEAR (0x0000000000000000): ✓ texture  ✓ render
00:00:00.138 [DEBUG] [wlr] [render/egl.c:169]   AB24 (0x34324241)
00:00:00.138 [DEBUG] [wlr] [render/egl.c:103]     INVALID (0x00FFFFFFFFFFFFFF): ✓ texture  ✓ render
00:00:00.138 [DEBUG] [wlr] [render/egl.c:103]     LINEAR (0x0000000000000000): ✓ texture  ✓ render
00:00:00.138 [DEBUG] [wlr] [render/egl.c:169]   XR24 (0x34325258)
00:00:00.138 [DEBUG] [wlr] [render/egl.c:103]     INVALID (0x00FFFFFFFFFFFFFF): ✓ texture  ✓ render
00:00:00.138 [DEBUG] [wlr] [render/egl.c:103]     LINEAR (0x0000000000000000): ✓ texture  ✓ render
00:00:00.138 [DEBUG] [wlr] [render/egl.c:169]   AR15 (0x35315241)
00:00:00.138 [DEBUG] [wlr] [render/egl.c:103]     INVALID (0x00FFFFFFFFFFFFFF): ✓ texture  ✓ render
00:00:00.138 [DEBUG] [wlr] [render/egl.c:103]     LINEAR (0x0000000000000000): ✓ texture  ✓ render
00:00:00.138 [DEBUG] [wlr] [render/egl.c:169]   RG16 (0x36314752)
00:00:00.138 [DEBUG] [wlr] [render/egl.c:103]     INVALID (0x00FFFFFFFFFFFFFF): ✓ texture  ✓ render
00:00:00.138 [DEBUG] [wlr] [render/egl.c:103]     LINEAR (0x0000000000000000): ✓ texture  ✓ render
00:00:00.138 [DEBUG] [wlr] [render/egl.c:169]   R8 (0x20203852)
00:00:00.138 [DEBUG] [wlr] [render/egl.c:103]     INVALID (0x00FFFFFFFFFFFFFF): ✓ texture  ✓ render
00:00:00.138 [DEBUG] [wlr] [render/egl.c:103]     LINEAR (0x0000000000000000): ✓ texture  ✓ render
00:00:00.138 [DEBUG] [wlr] [render/egl.c:169]   R16 (0x20363152)
00:00:00.138 [DEBUG] [wlr] [render/egl.c:103]     INVALID (0x00FFFFFFFFFFFFFF): ✓ texture  ✓ render
00:00:00.138 [DEBUG] [wlr] [render/egl.c:103]     LINEAR (0x0000000000000000): ✓ texture  ✓ render
00:00:00.138 [DEBUG] [wlr] [render/egl.c:169]   GR88 (0x38385247)
00:00:00.138 [DEBUG] [wlr] [render/egl.c:103]     INVALID (0x00FFFFFFFFFFFFFF): ✓ texture  ✓ render
00:00:00.138 [DEBUG] [wlr] [render/egl.c:103]     LINEAR (0x0000000000000000): ✓ texture  ✓ render
00:00:00.138 [DEBUG] [wlr] [render/egl.c:169]   GR32 (0x32335247)
00:00:00.138 [DEBUG] [wlr] [render/egl.c:103]     INVALID (0x00FFFFFFFFFFFFFF): ✓ texture  ✓ render
00:00:00.138 [DEBUG] [wlr] [render/egl.c:103]     LINEAR (0x0000000000000000): ✓ texture  ✓ render
00:00:00.138 [DEBUG] [wlr] [render/egl.c:169]   YUV9 (0x39565559)
00:00:00.138 [DEBUG] [wlr] [render/egl.c:103]     INVALID (0x00FFFFFFFFFFFFFF): ✓ texture  ✓ render
00:00:00.138 [DEBUG] [wlr] [render/egl.c:103]     LINEAR (0x0000000000000000): ✓ texture  ✓ render
00:00:00.138 [DEBUG] [wlr] [render/egl.c:169]   YU11 (0x31315559)
00:00:00.138 [DEBUG] [wlr] [render/egl.c:103]     INVALID (0x00FFFFFFFFFFFFFF): ✓ texture  ✓ render
00:00:00.138 [DEBUG] [wlr] [render/egl.c:103]     LINEAR (0x0000000000000000): ✓ texture  ✓ render
00:00:00.138 [DEBUG] [wlr] [render/egl.c:169]   YU12 (0x32315559)
00:00:00.138 [DEBUG] [wlr] [render/egl.c:103]     INVALID (0x00FFFFFFFFFFFFFF): ✓ texture  ✓ render
00:00:00.138 [DEBUG] [wlr] [render/egl.c:103]     LINEAR (0x0000000000000000): ✓ texture  ✓ render
00:00:00.138 [DEBUG] [wlr] [render/egl.c:169]   YU16 (0x36315559)
00:00:00.138 [DEBUG] [wlr] [render/egl.c:103]     INVALID (0x00FFFFFFFFFFFFFF): ✓ texture  ✓ render
00:00:00.138 [DEBUG] [wlr] [render/egl.c:103]     LINEAR (0x0000000000000000): ✓ texture  ✓ render
00:00:00.138 [DEBUG] [wlr] [render/egl.c:169]   YU24 (0x34325559)
00:00:00.138 [DEBUG] [wlr] [render/egl.c:103]     INVALID (0x00FFFFFFFFFFFFFF): ✓ texture  ✓ render
00:00:00.138 [DEBUG] [wlr] [render/egl.c:103]     LINEAR (0x0000000000000000): ✓ texture  ✓ render
00:00:00.138 [DEBUG] [wlr] [render/egl.c:169]   YVU9 (0x39555659)
00:00:00.138 [DEBUG] [wlr] [render/egl.c:103]     INVALID (0x00FFFFFFFFFFFFFF): ✓ texture  ✓ render
00:00:00.138 [DEBUG] [wlr] [render/egl.c:103]     LINEAR (0x0000000000000000): ✓ texture  ✓ render
00:00:00.138 [DEBUG] [wlr] [render/egl.c:169]   YV11 (0x31315659)
00:00:00.138 [DEBUG] [wlr] [render/egl.c:103]     INVALID (0x00FFFFFFFFFFFFFF): ✓ texture  ✓ render
00:00:00.138 [DEBUG] [wlr] [render/egl.c:103]     LINEAR (0x0000000000000000): ✓ texture  ✓ render
00:00:00.138 [DEBUG] [wlr] [render/egl.c:169]   YV12 (0x32315659)
00:00:00.138 [DEBUG] [wlr] [render/egl.c:103]     INVALID (0x00FFFFFFFFFFFFFF): ✓ texture  ✓ render
00:00:00.138 [DEBUG] [wlr] [render/egl.c:103]     LINEAR (0x0000000000000000): ✓ texture  ✓ render
00:00:00.138 [DEBUG] [wlr] [render/egl.c:169]   YV16 (0x36315659)
00:00:00.138 [DEBUG] [wlr] [render/egl.c:103]     INVALID (0x00FFFFFFFFFFFFFF): ✓ texture  ✓ render
00:00:00.138 [DEBUG] [wlr] [render/egl.c:103]     LINEAR (0x0000000000000000): ✓ texture  ✓ render
00:00:00.138 [DEBUG] [wlr] [render/egl.c:169]   YV24 (0x34325659)
00:00:00.138 [DEBUG] [wlr] [render/egl.c:103]     INVALID (0x00FFFFFFFFFFFFFF): ✓ texture  ✓ render
00:00:00.138 [DEBUG] [wlr] [render/egl.c:103]     LINEAR (0x0000000000000000): ✓ texture  ✓ render
00:00:00.138 [DEBUG] [wlr] [render/egl.c:169]   NV12 (0x3231564E)
00:00:00.138 [DEBUG] [wlr] [render/egl.c:103]     INVALID (0x00FFFFFFFFFFFFFF): ✓ texture  ✓ render
00:00:00.138 [DEBUG] [wlr] [render/egl.c:103]     LINEAR (0x0000000000000000): ✓ texture  ✓ render
00:00:00.138 [DEBUG] [wlr] [render/egl.c:169]   NV21 (0x3132564E)
00:00:00.138 [DEBUG] [wlr] [render/egl.c:103]     INVALID (0x00FFFFFFFFFFFFFF): ✓ texture  ✓ render
00:00:00.138 [DEBUG] [wlr] [render/egl.c:103]     LINEAR (0x0000000000000000): ✓ texture  ✓ render
00:00:00.138 [DEBUG] [wlr] [render/egl.c:169]   P010 (0x30313050)
00:00:00.138 [DEBUG] [wlr] [render/egl.c:103]     INVALID (0x00FFFFFFFFFFFFFF): ✓ texture  ✓ render
00:00:00.138 [DEBUG] [wlr] [render/egl.c:103]     LINEAR (0x0000000000000000): ✓ texture  ✓ render
00:00:00.138 [DEBUG] [wlr] [render/egl.c:169]   P012 (0x32313050)
00:00:00.138 [DEBUG] [wlr] [render/egl.c:103]     INVALID (0x00FFFFFFFFFFFFFF): ✓ texture  ✓ render
00:00:00.138 [DEBUG] [wlr] [render/egl.c:103]     LINEAR (0x0000000000000000): ✓ texture  ✓ render
00:00:00.138 [DEBUG] [wlr] [render/egl.c:169]   P016 (0x36313050)
00:00:00.139 [DEBUG] [wlr] [render/egl.c:103]     INVALID (0x00FFFFFFFFFFFFFF): ✓ texture  ✓ render
00:00:00.139 [DEBUG] [wlr] [render/egl.c:103]     LINEAR (0x0000000000000000): ✓ texture  ✓ render
00:00:00.139 [DEBUG] [wlr] [render/egl.c:169]   P030 (0x30333050)
00:00:00.139 [DEBUG] [wlr] [render/egl.c:103]     INVALID (0x00FFFFFFFFFFFFFF): ✓ texture  ✓ render
00:00:00.139 [DEBUG] [wlr] [render/egl.c:103]     LINEAR (0x0000000000000000): ✓ texture  ✓ render
00:00:00.139 [DEBUG] [wlr] [render/egl.c:169]   NV16 (0x3631564E)
00:00:00.139 [DEBUG] [wlr] [render/egl.c:103]     INVALID (0x00FFFFFFFFFFFFFF): ✓ texture  ✓ render
00:00:00.139 [DEBUG] [wlr] [render/egl.c:103]     LINEAR (0x0000000000000000): ✓ texture  ✓ render
00:00:00.139 [DEBUG] [wlr] [render/egl.c:169]   AYUV (0x56555941)
00:00:00.139 [DEBUG] [wlr] [render/egl.c:103]     INVALID (0x00FFFFFFFFFFFFFF): ✓ texture  ✓ render
00:00:00.139 [DEBUG] [wlr] [render/egl.c:103]     LINEAR (0x0000000000000000): ✓ texture  ✓ render
00:00:00.139 [DEBUG] [wlr] [render/egl.c:169]   Y410 (0x30313459)
00:00:00.139 [DEBUG] [wlr] [render/egl.c:103]     INVALID (0x00FFFFFFFFFFFFFF): ✓ texture  ✓ render
00:00:00.139 [DEBUG] [wlr] [render/egl.c:103]     LINEAR (0x0000000000000000): ✓ texture  ✓ render
00:00:00.139 [DEBUG] [wlr] [render/egl.c:169]   Y412 (0x32313459)
00:00:00.139 [DEBUG] [wlr] [render/egl.c:103]     INVALID (0x00FFFFFFFFFFFFFF): ✓ texture  ✓ render
00:00:00.139 [DEBUG] [wlr] [render/egl.c:103]     LINEAR (0x0000000000000000): ✓ texture  ✓ render
00:00:00.139 [DEBUG] [wlr] [render/egl.c:169]   Y416 (0x36313459)
00:00:00.139 [DEBUG] [wlr] [render/egl.c:103]     INVALID (0x00FFFFFFFFFFFFFF): ✓ texture  ✓ render
00:00:00.139 [DEBUG] [wlr] [render/egl.c:103]     LINEAR (0x0000000000000000): ✓ texture  ✓ render
00:00:00.139 [DEBUG] [wlr] [render/egl.c:169]   YUYV (0x56595559)
00:00:00.139 [DEBUG] [wlr] [render/egl.c:103]     INVALID (0x00FFFFFFFFFFFFFF): ✓ texture  ✓ render
00:00:00.139 [DEBUG] [wlr] [render/egl.c:103]     LINEAR (0x0000000000000000): ✓ texture  ✓ render
00:00:00.139 [DEBUG] [wlr] [render/egl.c:169]   YVYU (0x55595659)
00:00:00.139 [DEBUG] [wlr] [render/egl.c:103]     INVALID (0x00FFFFFFFFFFFFFF): ✓ texture  ✓ render
00:00:00.139 [DEBUG] [wlr] [render/egl.c:103]     LINEAR (0x0000000000000000): ✓ texture  ✓ render
00:00:00.139 [DEBUG] [wlr] [render/egl.c:169]   UYVY (0x59565955)
00:00:00.139 [DEBUG] [wlr] [render/egl.c:103]     INVALID (0x00FFFFFFFFFFFFFF): ✓ texture  ✓ render
00:00:00.139 [DEBUG] [wlr] [render/egl.c:103]     LINEAR (0x0000000000000000): ✓ texture  ✓ render
00:00:00.139 [DEBUG] [wlr] [render/egl.c:169]   VYUY (0x59555956)
00:00:00.139 [DEBUG] [wlr] [render/egl.c:103]     INVALID (0x00FFFFFFFFFFFFFF): ✓ texture  ✓ render
00:00:00.139 [DEBUG] [wlr] [render/egl.c:103]     LINEAR (0x0000000000000000): ✓ texture  ✓ render
00:00:00.139 [DEBUG] [wlr] [render/egl.c:169]   Y210 (0x30313259)
00:00:00.139 [DEBUG] [wlr] [render/egl.c:103]     INVALID (0x00FFFFFFFFFFFFFF): ✓ texture  ✓ render
00:00:00.139 [DEBUG] [wlr] [render/egl.c:103]     LINEAR (0x0000000000000000): ✓ texture  ✓ render
00:00:00.139 [DEBUG] [wlr] [render/egl.c:169]   Y212 (0x32313259)
00:00:00.139 [DEBUG] [wlr] [render/egl.c:103]     INVALID (0x00FFFFFFFFFFFFFF): ✓ texture  ✓ render
00:00:00.139 [DEBUG] [wlr] [render/egl.c:103]     LINEAR (0x0000000000000000): ✓ texture  ✓ render
00:00:00.139 [DEBUG] [wlr] [render/egl.c:169]   Y216 (0x36313259)
00:00:00.139 [DEBUG] [wlr] [render/egl.c:103]     INVALID (0x00FFFFFFFFFFFFFF): ✓ texture  ✓ render
00:00:00.139 [DEBUG] [wlr] [render/egl.c:103]     LINEAR (0x0000000000000000): ✓ texture  ✓ render
00:00:00.139 [DEBUG] [wlr] [render/egl.c:189] EGL DMA-BUF format modifiers unsupported
00:00:00.145 [DEBUG] [wlr] [render/egl.c:573] Using EGL_PLATFORM_DEVICE_EXT
00:00:00.146 [INFO] [wlr] [render/gles2/renderer.c:538] Creating GLES2 renderer
00:00:00.146 [INFO] [wlr] [render/gles2/renderer.c:539] Using OpenGL ES 3.1 Mesa 23.2.1-1ubuntu3.1~22.04.3
00:00:00.146 [INFO] [wlr] [render/gles2/renderer.c:540] GL vendor: VMware, Inc.
00:00:00.146 [INFO] [wlr] [render/gles2/renderer.c:541] GL renderer: SVGA3D; build: RELEASE;  LLVM;
00:00:00.146 [INFO] [wlr] [render/gles2/renderer.c:542] Supported GLES2 extensions: GL_EXT_blend_minmax GL_EXT_multi_draw_arrays GL_EXT_texture_filter_anisotropic GL_EXT_texture_compression_s3tc GL_EXT_texture_compression_dxt1 GL_EXT_texture_compression_rgtc GL_EXT_texture_format_BGRA8888 GL_OES_compressed_ETC1_RGB8_texture GL_OES_depth24 GL_OES_element_index_uint GL_OES_fbo_render_mipmap GL_OES_mapbuffer GL_OES_rgb8_rgba8 GL_OES_standard_derivatives GL_OES_stencil8 GL_OES_texture_3D GL_OES_texture_float GL_OES_texture_float_linear GL_OES_texture_half_float GL_OES_texture_half_float_linear GL_OES_texture_npot GL_OES_vertex_half_float GL_EXT_draw_instanced GL_EXT_texture_sRGB_decode GL_OES_EGL_image GL_OES_depth_texture GL_OES_packed_depth_stencil GL_EXT_texture_type_2_10_10_10_REV GL_NV_conditional_render GL_OES_get_program_binary GL_APPLE_texture_max_level GL_EXT_discard_framebuffer GL_EXT_read_format_bgra GL_NV_pack_subimage GL_EXT_frag_depth GL_NV_fbo_color_attachments GL_OES_EGL_image_external GL_OES_EGL_sync GL_OES_vertex_array_object GL_OES_viewport_array GL_ANGLE_pack_reverse_row_order GL_ANGLE_texture_compression_dxt3 GL_ANGLE_texture_compression_dxt5 GL_EXT_occlusion_query_boolean GL_EXT_robustness GL_EXT_texture_rg GL_EXT_unpack_subimage GL_NV_draw_buffers GL_NV_read_buffer GL_NV_read_depth GL_NV_read_depth_stencil GL_NV_read_stencil GL_EXT_draw_buffers GL_EXT_instanced_arrays GL_EXT_map_buffer_range GL_KHR_debug GL_KHR_robustness GL_KHR_texture_compression_astc_ldr GL_NV_generate_mipmap_sRGB GL_NV_pixel_buffer_object GL_OES_depth_texture_cube_map GL_OES_required_internalformat GL_OES_surfaceless_context GL_EXT_color_buffer_float GL_EXT_debug_label GL_EXT_sRGB_write_control GL_EXT_separate_shader_objects GL_EXT_shader_implicit_conversions GL_EXT_shader_integer_mix GL_EXT_tessellation_point_size GL_EXT_tessellation_shader GL_EXT_base_instance GL_EXT_compressed_ETC1_RGB8_sub_texture GL_EXT_copy_image GL_EXT_draw_buffers_indexed GL_EXT_draw_elements_base_vertex GL_EXT_gpu_shader5 GL_EXT_primitive_bounding_box GL_EXT_render_snorm GL_EXT_shader_io_blocks GL_EXT_texture_border_clamp GL_EXT_texture_buffer GL_EXT_texture_cube_map_array GL_EXT_texture_norm16 GL_EXT_texture_view GL_KHR_context_flush_control GL_KHR_robust_buffer_access_behavior GL_NV_image_formats GL_NV_shader_noperspective_interpolation GL_OES_copy_image GL_OES_draw_buffers_indexed GL_OES_draw_elements_base_vertex GL_OES_gpu_shader5 GL_OES_primitive_bounding_box GL_OES_sample_shading GL_OES_sample_variables GL_OES_shader_io_blocks GL_OES_shader_multisample_interpolation GL_OES_tessellation_point_size GL_OES_tessellation_shader GL_OES_texture_border_clamp GL_OES_texture_buffer GL_OES_texture_cube_map_array GL_OES_texture_stencil8 GL_OES_texture_storage_multisample_2d_array GL_OES_texture_view GL_EXT_blend_func_extended GL_EXT_buffer_storage GL_EXT_float_blend GL_EXT_geometry_point_size GL_EXT_geometry_shader GL_KHR_no_error GL_KHR_texture_compression_astc_sliced_3d GL_OES_EGL_image_external_essl3 GL_OES_geometry_point_size GL_OES_geometry_shader GL_OES_shader_image_atomic GL_EXT_clear_texture GL_EXT_disjoint_timer_query GL_EXT_texture_compression_s3tc_srgb GL_MESA_shader_integer_functions GL_EXT_clip_control GL_EXT_texture_compression_bptc GL_KHR_parallel_shader_compile GL_EXT_EGL_image_storage GL_MESA_framebuffer_flip_y GL_EXT_depth_clamp GL_EXT_texture_query_lod GL_MESA_bgra 
00:00:00.146 [DEBUG] [wlr] [render/gles2/renderer.c:602] GPU reset notifications are disabled
00:00:00.168 [DEBUG] [wlr] [render/allocator/allocator.c:115] Trying to create gbm allocator
00:00:00.172 [DEBUG] [wlr] [render/allocator/gbm.c:216] Created GBM allocator with backend drm
00:00:00.172 [DEBUG] [wlr] [render/allocator/gbm.c:219] Using DRM node /dev/dri/renderD128
00:00:00.173 [INFO] [wlr] [backend/headless/backend.c:60] Creating headless backend
00:00:00.179 [INFO] [sway/config.c:422] Loading config from //usr/local/etc/sway/config
00:00:00.179 [DEBUG] [sway/config.c:797] Read line 1: # Default config for sway
00:00:00.179 [DEBUG] [sway/config.c:797] Read line 2: #
00:00:00.179 [DEBUG] [sway/config.c:797] Read line 3: # Copy this to ~/.config/sway/config and edit it to your liking.
00:00:00.179 [DEBUG] [sway/config.c:797] Read line 4: #
00:00:00.179 [DEBUG] [sway/config.c:797] Read line 5: # Read `man 5 sway` for a complete reference.
00:00:00.179 [DEBUG] [sway/config.c:797] Read line 6: 
00:00:00.179 [DEBUG] [sway/config.c:797] Read line 7: ### Variables
00:00:00.179 [DEBUG] [sway/config.c:797] Read line 8: #
00:00:00.179 [DEBUG] [sway/config.c:797] Read line 9: # Logo key. Use Mod1 for Alt.
00:00:00.179 [DEBUG] [sway/config.c:797] Read line 10: set $mod Mod4
00:00:00.179 [INFO] [sway/commands.c:382] Config command: set $mod Mod4
00:00:00.179 [INFO] [sway/commands.c:405] After replacement: set $mod Mod4
00:00:00.179 [DEBUG] [sway/config.c:797] Read line 11: # Home row direction keys, like vim
00:00:00.179 [DEBUG] [sway/config.c:797] Read line 12: set $left h
00:00:00.179 [INFO] [sway/commands.c:382] Config command: set $left h
00:00:00.179 [INFO] [sway/commands.c:405] After replacement: set $left h
00:00:00.179 [DEBUG] [sway/config.c:797] Read line 13: set $down j
00:00:00.179 [INFO] [sway/commands.c:382] Config command: set $down j
00:00:00.179 [INFO] [sway/commands.c:405] After replacement: set $down j
00:00:00.179 [DEBUG] [sway/config.c:797] Read line 14: set $up k
00:00:00.179 [INFO] [sway/commands.c:382] Config command: set $up k
00:00:00.179 [INFO] [sway/commands.c:405] After replacement: set $up k
00:00:00.179 [DEBUG] [sway/config.c:797] Read line 15: set $right l
00:00:00.179 [INFO] [sway/commands.c:382] Config command: set $right l
00:00:00.179 [INFO] [sway/commands.c:405] After replacement: set $right l
00:00:00.179 [DEBUG] [sway/config.c:797] Read line 16: # Your preferred terminal emulator
00:00:00.179 [DEBUG] [sway/config.c:797] Read line 17: set $term foot
00:00:00.179 [INFO] [sway/commands.c:382] Config command: set $term foot
00:00:00.179 [INFO] [sway/commands.c:405] After replacement: set $term foot
00:00:00.179 [DEBUG] [sway/config.c:797] Read line 18: # Your preferred application launcher
00:00:00.179 [DEBUG] [sway/config.c:797] Read line 19: set $menu wmenu-run
00:00:00.179 [INFO] [sway/commands.c:382] Config command: set $menu wmenu-run
00:00:00.179 [INFO] [sway/commands.c:405] After replacement: set $menu wmenu-run
00:00:00.179 [DEBUG] [sway/config.c:797] Read line 20: 
00:00:00.179 [DEBUG] [sway/config.c:797] Read line 21: ### Output configuration
00:00:00.179 [DEBUG] [sway/config.c:797] Read line 22: #
00:00:00.179 [DEBUG] [sway/config.c:797] Read line 23: # Default wallpaper (more resolutions are available in /usr/local/share/backgrounds/sway/)
00:00:00.179 [DEBUG] [sway/config.c:797] Read line 24: output * bg /usr/local/share/backgrounds/sway/Sway_Wallpaper_Blue_1920x1080.png fill
00:00:00.179 [INFO] [sway/commands.c:382] Config command: output * bg /usr/local/share/backgrounds/sway/Sway_Wallpaper_Blue_1920x1080.png fill
00:00:00.179 [INFO] [sway/commands.c:405] After replacement: output * bg /usr/local/share/backgrounds/sway/Sway_Wallpaper_Blue_1920x1080.png fill
00:00:00.179 [DEBUG] [sway/commands.c:437] Subcommand: bg /usr/local/share/backgrounds/sway/Sway_Wallpaper_Blue_1920x1080.png fill
00:00:00.179 [DEBUG] [sway/config/output.c:262] Config stored for output * (enabled: -1) (-1x-1@-1.000000Hz position -1,-1 scale -1.000000 subpixel unknown transform -1) (bg /usr/local/share/backgrounds/sway/Sway_Wallpaper_Blue_1920x1080.png fill) (power -1) (max render time: -1) (allow tearing: -1)
00:00:00.179 [DEBUG] [sway/config.c:797] Read line 25: #
00:00:00.179 [DEBUG] [sway/config.c:797] Read line 26: # Example configuration:
00:00:00.179 [DEBUG] [sway/config.c:797] Read line 27: #
00:00:00.179 [DEBUG] [sway/config.c:797] Read line 28: #   output HDMI-A-1 resolution 1920x1080 position 1920,0
00:00:00.179 [DEBUG] [sway/config.c:797] Read line 29: #
00:00:00.179 [DEBUG] [sway/config.c:797] Read line 30: # You can get the names of your outputs by running: swaymsg -t get_outputs
00:00:00.179 [DEBUG] [sway/config.c:797] Read line 31: 
00:00:00.179 [DEBUG] [sway/config.c:797] Read line 32: ### Idle configuration
00:00:00.179 [DEBUG] [sway/config.c:797] Read line 33: #
00:00:00.179 [DEBUG] [sway/config.c:797] Read line 34: # Example configuration:
00:00:00.179 [DEBUG] [sway/config.c:797] Read line 35: #
00:00:00.179 [DEBUG] [sway/config.c:797] Read line 36: # exec swayidle -w \
00:00:00.179 [DEBUG] [sway/config.c:797] Read line 37: #          timeout 300 'swaylock -f -c 000000' \
00:00:00.179 [DEBUG] [sway/config.c:797] Read line 38: #          timeout 600 'swaymsg "output * power off"' resume 'swaymsg "output * power on"' \
00:00:00.179 [DEBUG] [sway/config.c:797] Read line 39: #          before-sleep 'swaylock -f -c 000000'
00:00:00.179 [DEBUG] [sway/config.c:797] Read line 40: #
00:00:00.179 [DEBUG] [sway/config.c:797] Read line 41: # This will lock your screen after 300 seconds of inactivity, then turn off
00:00:00.179 [DEBUG] [sway/config.c:797] Read line 42: # your displays after another 300 seconds, and turn your screens back on when
00:00:00.179 [DEBUG] [sway/config.c:797] Read line 43: # resumed. It will also lock your screen before your computer goes to sleep.
00:00:00.179 [DEBUG] [sway/config.c:797] Read line 44: 
00:00:00.179 [DEBUG] [sway/config.c:797] Read line 45: ### Input configuration
00:00:00.179 [DEBUG] [sway/config.c:797] Read line 46: #
00:00:00.179 [DEBUG] [sway/config.c:797] Read line 47: # Example configuration:
00:00:00.179 [DEBUG] [sway/config.c:797] Read line 48: #
00:00:00.179 [DEBUG] [sway/config.c:797] Read line 49: #   input "2:14:SynPS/2_Synaptics_TouchPad" {
00:00:00.179 [DEBUG] [sway/config.c:797] Read line 50: #       dwt enabled
00:00:00.179 [DEBUG] [sway/config.c:797] Read line 51: #       tap enabled
00:00:00.179 [DEBUG] [sway/config.c:797] Read line 52: #       natural_scroll enabled
00:00:00.179 [DEBUG] [sway/config.c:797] Read line 53: #       middle_emulation enabled
00:00:00.179 [DEBUG] [sway/config.c:797] Read line 54: #   }
00:00:00.179 [DEBUG] [sway/config.c:797] Read line 55: #
00:00:00.179 [DEBUG] [sway/config.c:797] Read line 56: # You can get the names of your inputs by running: swaymsg -t get_inputs
00:00:00.179 [DEBUG] [sway/config.c:797] Read line 57: # Read `man 5 sway-input` for more information about this section.
00:00:00.179 [DEBUG] [sway/config.c:797] Read line 58: 
00:00:00.179 [DEBUG] [sway/config.c:797] Read line 59: ### Key bindings
00:00:00.179 [DEBUG] [sway/config.c:797] Read line 60: #
00:00:00.179 [DEBUG] [sway/config.c:797] Read line 61: # Basics:
00:00:00.179 [DEBUG] [sway/config.c:797] Read line 62: #
00:00:00.179 [DEBUG] [sway/config.c:797] Read line 63:     # Start a terminal
00:00:00.179 [DEBUG] [sway/config.c:797] Read line 64:     bindsym $mod+Return exec $term
00:00:00.179 [INFO] [sway/commands.c:382] Config command: bindsym $mod+Return exec $term
00:00:00.179 [INFO] [sway/commands.c:405] After replacement: bindsym Mod4+Return exec foot
00:00:00.179 [DEBUG] [sway/commands/bind.c:297] bindsym - Bound Mod4+Return to command `exec foot` for device '*'
00:00:00.179 [DEBUG] [sway/config.c:797] Read line 65: 
00:00:00.179 [DEBUG] [sway/config.c:797] Read line 66:     # Kill focused window
00:00:00.179 [DEBUG] [sway/config.c:797] Read line 67:     bindsym $mod+Shift+q kill
00:00:00.179 [INFO] [sway/commands.c:382] Config command: bindsym $mod+Shift+q kill
00:00:00.179 [INFO] [sway/commands.c:405] After replacement: bindsym Mod4+Shift+q kill
00:00:00.179 [DEBUG] [sway/commands/bind.c:297] bindsym - Bound Mod4+Shift+q to command `kill` for device '*'
00:00:00.179 [DEBUG] [sway/config.c:797] Read line 68: 
00:00:00.179 [DEBUG] [sway/config.c:797] Read line 69:     # Start your launcher
00:00:00.179 [DEBUG] [sway/config.c:797] Read line 70:     bindsym $mod+d exec $menu
00:00:00.179 [INFO] [sway/commands.c:382] Config command: bindsym $mod+d exec $menu
00:00:00.179 [INFO] [sway/commands.c:405] After replacement: bindsym Mod4+d exec wmenu-run
00:00:00.179 [DEBUG] [sway/commands/bind.c:297] bindsym - Bound Mod4+d to command `exec wmenu-run` for device '*'
00:00:00.179 [DEBUG] [sway/config.c:797] Read line 71: 
00:00:00.179 [DEBUG] [sway/config.c:797] Read line 72:     # Drag floating windows by holding down $mod and left mouse button.
00:00:00.179 [DEBUG] [sway/config.c:797] Read line 73:     # Resize them with right mouse button + $mod.
00:00:00.179 [DEBUG] [sway/config.c:797] Read line 74:     # Despite the name, also works for non-floating windows.
00:00:00.179 [DEBUG] [sway/config.c:797] Read line 75:     # Change normal to inverse to use left mouse button for resizing and right
00:00:00.179 [DEBUG] [sway/config.c:797] Read line 76:     # mouse button for dragging.
00:00:00.179 [DEBUG] [sway/config.c:797] Read line 77:     floating_modifier $mod normal
00:00:00.179 [INFO] [sway/commands.c:382] Config command: floating_modifier $mod normal
00:00:00.179 [INFO] [sway/commands.c:405] After replacement: floating_modifier Mod4 normal
00:00:00.179 [DEBUG] [sway/config.c:797] Read line 78: 
00:00:00.179 [DEBUG] [sway/config.c:797] Read line 79:     # Reload the configuration file
00:00:00.179 [DEBUG] [sway/config.c:797] Read line 80:     bindsym $mod+Shift+c reload
00:00:00.179 [INFO] [sway/commands.c:382] Config command: bindsym $mod+Shift+c reload
00:00:00.179 [INFO] [sway/commands.c:405] After replacement: bindsym Mod4+Shift+c reload
00:00:00.179 [DEBUG] [sway/commands/bind.c:297] bindsym - Bound Mod4+Shift+c to command `reload` for device '*'
00:00:00.179 [DEBUG] [sway/config.c:797] Read line 81: 
00:00:00.179 [DEBUG] [sway/config.c:797] Read line 82:     # Exit sway (logs you out of your Wayland session)
00:00:00.179 [DEBUG] [sway/config.c:797] Read line 83:     bindsym $mod+Shift+e exec swaynag -t warning -m 'You pressed the exit shortcut. Do you really want to exit sway? This will end your Wayland session.' -B 'Yes, exit sway' 'swaymsg exit'
00:00:00.179 [INFO] [sway/commands.c:382] Config command: bindsym $mod+Shift+e exec swaynag -t warning -m 'You pressed the exit shortcut. Do you really want to exit sway? This will end your Wayland session.' -B 'Yes, exit sway' 'swaymsg exit'
00:00:00.179 [INFO] [sway/commands.c:405] After replacement: bindsym Mod4+Shift+e exec swaynag -t warning -m 'You pressed the exit shortcut. Do you really want to exit sway? This will end your Wayland session.' -B 'Yes, exit sway' 'swaymsg exit'
00:00:00.179 [DEBUG] [sway/commands/bind.c:297] bindsym - Bound Mod4+Shift+e to command `exec swaynag -t warning -m 'You pressed the exit shortcut. Do you really want to exit sway? This will end your Wayland session.' -B 'Yes, exit sway' 'swaymsg exit'` for device '*'
00:00:00.179 [DEBUG] [sway/config.c:797] Read line 84: #
00:00:00.179 [DEBUG] [sway/config.c:797] Read line 85: # Moving around:
00:00:00.179 [DEBUG] [sway/config.c:797] Read line 86: #
00:00:00.179 [DEBUG] [sway/config.c:797] Read line 87:     # Move your focus around
00:00:00.179 [DEBUG] [sway/config.c:797] Read line 88:     bindsym $mod+$left focus left
00:00:00.179 [INFO] [sway/commands.c:382] Config command: bindsym $mod+$left focus left
00:00:00.179 [INFO] [sway/commands.c:405] After replacement: bindsym Mod4+h focus left
00:00:00.180 [DEBUG] [sway/commands/bind.c:297] bindsym - Bound Mod4+h to command `focus left` for device '*'
00:00:00.180 [DEBUG] [sway/config.c:797] Read line 89:     bindsym $mod+$down focus down
00:00:00.180 [INFO] [sway/commands.c:382] Config command: bindsym $mod+$down focus down
00:00:00.180 [INFO] [sway/commands.c:405] After replacement: bindsym Mod4+j focus down
00:00:00.180 [DEBUG] [sway/commands/bind.c:297] bindsym - Bound Mod4+j to command `focus down` for device '*'
00:00:00.180 [DEBUG] [sway/config.c:797] Read line 90:     bindsym $mod+$up focus up
00:00:00.180 [INFO] [sway/commands.c:382] Config command: bindsym $mod+$up focus up
00:00:00.180 [INFO] [sway/commands.c:405] After replacement: bindsym Mod4+k focus up
00:00:00.180 [DEBUG] [sway/commands/bind.c:297] bindsym - Bound Mod4+k to command `focus up` for device '*'
00:00:00.180 [DEBUG] [sway/config.c:797] Read line 91:     bindsym $mod+$right focus right
00:00:00.180 [INFO] [sway/commands.c:382] Config command: bindsym $mod+$right focus right
00:00:00.180 [INFO] [sway/commands.c:405] After replacement: bindsym Mod4+l focus right
00:00:00.180 [DEBUG] [sway/commands/bind.c:297] bindsym - Bound Mod4+l to command `focus right` for device '*'
00:00:00.180 [DEBUG] [sway/config.c:797] Read line 92:     # Or use $mod+[up|down|left|right]
00:00:00.180 [DEBUG] [sway/config.c:797] Read line 93:     bindsym $mod+Left focus left
00:00:00.180 [INFO] [sway/commands.c:382] Config command: bindsym $mod+Left focus left
00:00:00.180 [INFO] [sway/commands.c:405] After replacement: bindsym Mod4+Left focus left
00:00:00.180 [DEBUG] [sway/commands/bind.c:297] bindsym - Bound Mod4+Left to command `focus left` for device '*'
00:00:00.180 [DEBUG] [sway/config.c:797] Read line 94:     bindsym $mod+Down focus down
00:00:00.180 [INFO] [sway/commands.c:382] Config command: bindsym $mod+Down focus down
00:00:00.180 [INFO] [sway/commands.c:405] After replacement: bindsym Mod4+Down focus down
00:00:00.180 [DEBUG] [sway/commands/bind.c:297] bindsym - Bound Mod4+Down to command `focus down` for device '*'
00:00:00.180 [DEBUG] [sway/config.c:797] Read line 95:     bindsym $mod+Up focus up
00:00:00.180 [INFO] [sway/commands.c:382] Config command: bindsym $mod+Up focus up
00:00:00.180 [INFO] [sway/commands.c:405] After replacement: bindsym Mod4+Up focus up
00:00:00.180 [DEBUG] [sway/commands/bind.c:297] bindsym - Bound Mod4+Up to command `focus up` for device '*'
00:00:00.180 [DEBUG] [sway/config.c:797] Read line 96:     bindsym $mod+Right focus right
00:00:00.180 [INFO] [sway/commands.c:382] Config command: bindsym $mod+Right focus right
00:00:00.180 [INFO] [sway/commands.c:405] After replacement: bindsym Mod4+Right focus right
00:00:00.180 [DEBUG] [sway/commands/bind.c:297] bindsym - Bound Mod4+Right to command `focus right` for device '*'
00:00:00.180 [DEBUG] [sway/config.c:797] Read line 97: 
00:00:00.180 [DEBUG] [sway/config.c:797] Read line 98:     # Move the focused window with the same, but add Shift
00:00:00.180 [DEBUG] [sway/config.c:797] Read line 99:     bindsym $mod+Shift+$left move left
00:00:00.180 [INFO] [sway/commands.c:382] Config command: bindsym $mod+Shift+$left move left
00:00:00.180 [INFO] [sway/commands.c:405] After replacement: bindsym Mod4+Shift+h move left
00:00:00.180 [DEBUG] [sway/commands/bind.c:297] bindsym - Bound Mod4+Shift+h to command `move left` for device '*'
00:00:00.180 [DEBUG] [sway/config.c:797] Read line 100:     bindsym $mod+Shift+$down move down
00:00:00.180 [INFO] [sway/commands.c:382] Config command: bindsym $mod+Shift+$down move down
00:00:00.180 [INFO] [sway/commands.c:405] After replacement: bindsym Mod4+Shift+j move down
00:00:00.180 [DEBUG] [sway/commands/bind.c:297] bindsym - Bound Mod4+Shift+j to command `move down` for device '*'
00:00:00.180 [DEBUG] [sway/config.c:797] Read line 101:     bindsym $mod+Shift+$up move up
00:00:00.180 [INFO] [sway/commands.c:382] Config command: bindsym $mod+Shift+$up move up
00:00:00.180 [INFO] [sway/commands.c:405] After replacement: bindsym Mod4+Shift+k move up
00:00:00.180 [DEBUG] [sway/commands/bind.c:297] bindsym - Bound Mod4+Shift+k to command `move up` for device '*'
00:00:00.180 [DEBUG] [sway/config.c:797] Read line 102:     bindsym $mod+Shift+$right move right
00:00:00.180 [INFO] [sway/commands.c:382] Config command: bindsym $mod+Shift+$right move right
00:00:00.180 [INFO] [sway/commands.c:405] After replacement: bindsym Mod4+Shift+l move right
00:00:00.180 [DEBUG] [sway/commands/bind.c:297] bindsym - Bound Mod4+Shift+l to command `move right` for device '*'
00:00:00.180 [DEBUG] [sway/config.c:797] Read line 103:     # Ditto, with arrow keys
00:00:00.180 [DEBUG] [sway/config.c:797] Read line 104:     bindsym $mod+Shift+Left move left
00:00:00.180 [INFO] [sway/commands.c:382] Config command: bindsym $mod+Shift+Left move left
00:00:00.180 [INFO] [sway/commands.c:405] After replacement: bindsym Mod4+Shift+Left move left
00:00:00.180 [DEBUG] [sway/commands/bind.c:297] bindsym - Bound Mod4+Shift+Left to command `move left` for device '*'
00:00:00.180 [DEBUG] [sway/config.c:797] Read line 105:     bindsym $mod+Shift+Down move down
00:00:00.180 [INFO] [sway/commands.c:382] Config command: bindsym $mod+Shift+Down move down
00:00:00.180 [INFO] [sway/commands.c:405] After replacement: bindsym Mod4+Shift+Down move down
00:00:00.180 [DEBUG] [sway/commands/bind.c:297] bindsym - Bound Mod4+Shift+Down to command `move down` for device '*'
00:00:00.180 [DEBUG] [sway/config.c:797] Read line 106:     bindsym $mod+Shift+Up move up
00:00:00.180 [INFO] [sway/commands.c:382] Config command: bindsym $mod+Shift+Up move up
00:00:00.180 [INFO] [sway/commands.c:405] After replacement: bindsym Mod4+Shift+Up move up
00:00:00.180 [DEBUG] [sway/commands/bind.c:297] bindsym - Bound Mod4+Shift+Up to command `move up` for device '*'
00:00:00.180 [DEBUG] [sway/config.c:797] Read line 107:     bindsym $mod+Shift+Right move right
00:00:00.180 [INFO] [sway/commands.c:382] Config command: bindsym $mod+Shift+Right move right
00:00:00.180 [INFO] [sway/commands.c:405] After replacement: bindsym Mod4+Shift+Right move right
00:00:00.180 [DEBUG] [sway/commands/bind.c:297] bindsym - Bound Mod4+Shift+Right to command `move right` for device '*'
00:00:00.180 [DEBUG] [sway/config.c:797] Read line 108: #
00:00:00.180 [DEBUG] [sway/config.c:797] Read line 109: # Workspaces:
00:00:00.180 [DEBUG] [sway/config.c:797] Read line 110: #
00:00:00.180 [DEBUG] [sway/config.c:797] Read line 111:     # Switch to workspace
00:00:00.180 [DEBUG] [sway/config.c:797] Read line 112:     bindsym $mod+1 workspace number 1
00:00:00.180 [INFO] [sway/commands.c:382] Config command: bindsym $mod+1 workspace number 1
00:00:00.180 [INFO] [sway/commands.c:405] After replacement: bindsym Mod4+1 workspace number 1
00:00:00.180 [DEBUG] [sway/commands/bind.c:297] bindsym - Bound Mod4+1 to command `workspace number 1` for device '*'
00:00:00.180 [DEBUG] [sway/config.c:797] Read line 113:     bindsym $mod+2 workspace number 2
00:00:00.180 [INFO] [sway/commands.c:382] Config command: bindsym $mod+2 workspace number 2
00:00:00.180 [INFO] [sway/commands.c:405] After replacement: bindsym Mod4+2 workspace number 2
00:00:00.180 [DEBUG] [sway/commands/bind.c:297] bindsym - Bound Mod4+2 to command `workspace number 2` for device '*'
00:00:00.180 [DEBUG] [sway/config.c:797] Read line 114:     bindsym $mod+3 workspace number 3
00:00:00.180 [INFO] [sway/commands.c:382] Config command: bindsym $mod+3 workspace number 3
00:00:00.180 [INFO] [sway/commands.c:405] After replacement: bindsym Mod4+3 workspace number 3
00:00:00.180 [DEBUG] [sway/commands/bind.c:297] bindsym - Bound Mod4+3 to command `workspace number 3` for device '*'
00:00:00.180 [DEBUG] [sway/config.c:797] Read line 115:     bindsym $mod+4 workspace number 4
00:00:00.180 [INFO] [sway/commands.c:382] Config command: bindsym $mod+4 workspace number 4
00:00:00.180 [INFO] [sway/commands.c:405] After replacement: bindsym Mod4+4 workspace number 4
00:00:00.180 [DEBUG] [sway/commands/bind.c:297] bindsym - Bound Mod4+4 to command `workspace number 4` for device '*'
00:00:00.180 [DEBUG] [sway/config.c:797] Read line 116:     bindsym $mod+5 workspace number 5
00:00:00.180 [INFO] [sway/commands.c:382] Config command: bindsym $mod+5 workspace number 5
00:00:00.180 [INFO] [sway/commands.c:405] After replacement: bindsym Mod4+5 workspace number 5
00:00:00.180 [DEBUG] [sway/commands/bind.c:297] bindsym - Bound Mod4+5 to command `workspace number 5` for device '*'
00:00:00.180 [DEBUG] [sway/config.c:797] Read line 117:     bindsym $mod+6 workspace number 6
00:00:00.180 [INFO] [sway/commands.c:382] Config command: bindsym $mod+6 workspace number 6
00:00:00.180 [INFO] [sway/commands.c:405] After replacement: bindsym Mod4+6 workspace number 6
00:00:00.180 [DEBUG] [sway/commands/bind.c:297] bindsym - Bound Mod4+6 to command `workspace number 6` for device '*'
00:00:00.180 [DEBUG] [sway/config.c:797] Read line 118:     bindsym $mod+7 workspace number 7
00:00:00.180 [INFO] [sway/commands.c:382] Config command: bindsym $mod+7 workspace number 7
00:00:00.180 [INFO] [sway/commands.c:405] After replacement: bindsym Mod4+7 workspace number 7
00:00:00.180 [DEBUG] [sway/commands/bind.c:297] bindsym - Bound Mod4+7 to command `workspace number 7` for device '*'
00:00:00.180 [DEBUG] [sway/config.c:797] Read line 119:     bindsym $mod+8 workspace number 8
00:00:00.180 [INFO] [sway/commands.c:382] Config command: bindsym $mod+8 workspace number 8
00:00:00.180 [INFO] [sway/commands.c:405] After replacement: bindsym Mod4+8 workspace number 8
00:00:00.180 [DEBUG] [sway/commands/bind.c:297] bindsym - Bound Mod4+8 to command `workspace number 8` for device '*'
00:00:00.180 [DEBUG] [sway/config.c:797] Read line 120:     bindsym $mod+9 workspace number 9
00:00:00.180 [INFO] [sway/commands.c:382] Config command: bindsym $mod+9 workspace number 9
00:00:00.180 [INFO] [sway/commands.c:405] After replacement: bindsym Mod4+9 workspace number 9
00:00:00.180 [DEBUG] [sway/commands/bind.c:297] bindsym - Bound Mod4+9 to command `workspace number 9` for device '*'
00:00:00.180 [DEBUG] [sway/config.c:797] Read line 121:     bindsym $mod+0 workspace number 10
00:00:00.180 [INFO] [sway/commands.c:382] Config command: bindsym $mod+0 workspace number 10
00:00:00.180 [INFO] [sway/commands.c:405] After replacement: bindsym Mod4+0 workspace number 10
00:00:00.180 [DEBUG] [sway/commands/bind.c:297] bindsym - Bound Mod4+0 to command `workspace number 10` for device '*'
00:00:00.180 [DEBUG] [sway/config.c:797] Read line 122:     # Move focused container to workspace
00:00:00.180 [DEBUG] [sway/config.c:797] Read line 123:     bindsym $mod+Shift+1 move container to workspace number 1
00:00:00.180 [INFO] [sway/commands.c:382] Config command: bindsym $mod+Shift+1 move container to workspace number 1
00:00:00.180 [INFO] [sway/commands.c:405] After replacement: bindsym Mod4+Shift+1 move container to workspace number 1
00:00:00.180 [DEBUG] [sway/commands/bind.c:297] bindsym - Bound Mod4+Shift+1 to command `move container to workspace number 1` for device '*'
00:00:00.180 [DEBUG] [sway/config.c:797] Read line 124:     bindsym $mod+Shift+2 move container to workspace number 2
00:00:00.180 [INFO] [sway/commands.c:382] Config command: bindsym $mod+Shift+2 move container to workspace number 2
00:00:00.180 [INFO] [sway/commands.c:405] After replacement: bindsym Mod4+Shift+2 move container to workspace number 2
00:00:00.180 [DEBUG] [sway/commands/bind.c:297] bindsym - Bound Mod4+Shift+2 to command `move container to workspace number 2` for device '*'
00:00:00.180 [DEBUG] [sway/config.c:797] Read line 125:     bindsym $mod+Shift+3 move container to workspace number 3
00:00:00.180 [INFO] [sway/commands.c:382] Config command: bindsym $mod+Shift+3 move container to workspace number 3
00:00:00.180 [INFO] [sway/commands.c:405] After replacement: bindsym Mod4+Shift+3 move container to workspace number 3
00:00:00.180 [DEBUG] [sway/commands/bind.c:297] bindsym - Bound Mod4+Shift+3 to command `move container to workspace number 3` for device '*'
00:00:00.180 [DEBUG] [sway/config.c:797] Read line 126:     bindsym $mod+Shift+4 move container to workspace number 4
00:00:00.180 [INFO] [sway/commands.c:382] Config command: bindsym $mod+Shift+4 move container to workspace number 4
00:00:00.180 [INFO] [sway/commands.c:405] After replacement: bindsym Mod4+Shift+4 move container to workspace number 4
00:00:00.180 [DEBUG] [sway/commands/bind.c:297] bindsym - Bound Mod4+Shift+4 to command `move container to workspace number 4` for device '*'
00:00:00.180 [DEBUG] [sway/config.c:797] Read line 127:     bindsym $mod+Shift+5 move container to workspace number 5
00:00:00.180 [INFO] [sway/commands.c:382] Config command: bindsym $mod+Shift+5 move container to workspace number 5
00:00:00.180 [INFO] [sway/commands.c:405] After replacement: bindsym Mod4+Shift+5 move container to workspace number 5
00:00:00.180 [DEBUG] [sway/commands/bind.c:297] bindsym - Bound Mod4+Shift+5 to command `move container to workspace number 5` for device '*'
00:00:00.180 [DEBUG] [sway/config.c:797] Read line 128:     bindsym $mod+Shift+6 move container to workspace number 6
00:00:00.180 [INFO] [sway/commands.c:382] Config command: bindsym $mod+Shift+6 move container to workspace number 6
00:00:00.180 [INFO] [sway/commands.c:405] After replacement: bindsym Mod4+Shift+6 move container to workspace number 6
00:00:00.180 [DEBUG] [sway/commands/bind.c:297] bindsym - Bound Mod4+Shift+6 to command `move container to workspace number 6` for device '*'
00:00:00.180 [DEBUG] [sway/config.c:797] Read line 129:     bindsym $mod+Shift+7 move container to workspace number 7
00:00:00.180 [INFO] [sway/commands.c:382] Config command: bindsym $mod+Shift+7 move container to workspace number 7
00:00:00.180 [INFO] [sway/commands.c:405] After replacement: bindsym Mod4+Shift+7 move container to workspace number 7
00:00:00.180 [DEBUG] [sway/commands/bind.c:297] bindsym - Bound Mod4+Shift+7 to command `move container to workspace number 7` for device '*'
00:00:00.180 [DEBUG] [sway/config.c:797] Read line 130:     bindsym $mod+Shift+8 move container to workspace number 8
00:00:00.180 [INFO] [sway/commands.c:382] Config command: bindsym $mod+Shift+8 move container to workspace number 8
00:00:00.180 [INFO] [sway/commands.c:405] After replacement: bindsym Mod4+Shift+8 move container to workspace number 8
00:00:00.180 [DEBUG] [sway/commands/bind.c:297] bindsym - Bound Mod4+Shift+8 to command `move container to workspace number 8` for device '*'
00:00:00.180 [DEBUG] [sway/config.c:797] Read line 131:     bindsym $mod+Shift+9 move container to workspace number 9
00:00:00.180 [INFO] [sway/commands.c:382] Config command: bindsym $mod+Shift+9 move container to workspace number 9
00:00:00.180 [INFO] [sway/commands.c:405] After replacement: bindsym Mod4+Shift+9 move container to workspace number 9
00:00:00.180 [DEBUG] [sway/commands/bind.c:297] bindsym - Bound Mod4+Shift+9 to command `move container to workspace number 9` for device '*'
00:00:00.180 [DEBUG] [sway/config.c:797] Read line 132:     bindsym $mod+Shift+0 move container to workspace number 10
00:00:00.180 [INFO] [sway/commands.c:382] Config command: bindsym $mod+Shift+0 move container to workspace number 10
00:00:00.180 [INFO] [sway/commands.c:405] After replacement: bindsym Mod4+Shift+0 move container to workspace number 10
00:00:00.180 [DEBUG] [sway/commands/bind.c:297] bindsym - Bound Mod4+Shift+0 to command `move container to workspace number 10` for device '*'
00:00:00.180 [DEBUG] [sway/config.c:797] Read line 133:     # Note: workspaces can have any name you want, not just numbers.
00:00:00.180 [DEBUG] [sway/config.c:797] Read line 134:     # We just use 1-10 as the default.
00:00:00.180 [DEBUG] [sway/config.c:797] Read line 135: #
00:00:00.180 [DEBUG] [sway/config.c:797] Read line 136: # Layout stuff:
00:00:00.180 [DEBUG] [sway/config.c:797] Read line 137: #
00:00:00.180 [DEBUG] [sway/config.c:797] Read line 138:     # You can "split" the current object of your focus with
00:00:00.180 [DEBUG] [sway/config.c:797] Read line 139:     # $mod+b or $mod+v, for horizontal and vertical splits
00:00:00.180 [DEBUG] [sway/config.c:797] Read line 140:     # respectively.
00:00:00.180 [DEBUG] [sway/config.c:797] Read line 141:     bindsym $mod+b splith
00:00:00.180 [INFO] [sway/commands.c:382] Config command: bindsym $mod+b splith
00:00:00.180 [INFO] [sway/commands.c:405] After replacement: bindsym Mod4+b splith
00:00:00.180 [DEBUG] [sway/commands/bind.c:297] bindsym - Bound Mod4+b to command `splith` for device '*'
00:00:00.180 [DEBUG] [sway/config.c:797] Read line 142:     bindsym $mod+v splitv
00:00:00.180 [INFO] [sway/commands.c:382] Config command: bindsym $mod+v splitv
00:00:00.180 [INFO] [sway/commands.c:405] After replacement: bindsym Mod4+v splitv
00:00:00.180 [DEBUG] [sway/commands/bind.c:297] bindsym - Bound Mod4+v to command `splitv` for device '*'
00:00:00.180 [DEBUG] [sway/config.c:797] Read line 143: 
00:00:00.180 [DEBUG] [sway/config.c:797] Read line 144:     # Switch the current container between different layout styles
00:00:00.180 [DEBUG] [sway/config.c:797] Read line 145:     bindsym $mod+s layout stacking
00:00:00.180 [INFO] [sway/commands.c:382] Config command: bindsym $mod+s layout stacking
00:00:00.180 [INFO] [sway/commands.c:405] After replacement: bindsym Mod4+s layout stacking
00:00:00.180 [DEBUG] [sway/commands/bind.c:297] bindsym - Bound Mod4+s to command `layout stacking` for device '*'
00:00:00.180 [DEBUG] [sway/config.c:797] Read line 146:     bindsym $mod+w layout tabbed
00:00:00.180 [INFO] [sway/commands.c:382] Config command: bindsym $mod+w layout tabbed
00:00:00.180 [INFO] [sway/commands.c:405] After replacement: bindsym Mod4+w layout tabbed
00:00:00.180 [DEBUG] [sway/commands/bind.c:297] bindsym - Bound Mod4+w to command `layout tabbed` for device '*'
00:00:00.180 [DEBUG] [sway/config.c:797] Read line 147:     bindsym $mod+e layout toggle split
00:00:00.180 [INFO] [sway/commands.c:382] Config command: bindsym $mod+e layout toggle split
00:00:00.180 [INFO] [sway/commands.c:405] After replacement: bindsym Mod4+e layout toggle split
00:00:00.180 [DEBUG] [sway/commands/bind.c:297] bindsym - Bound Mod4+e to command `layout toggle split` for device '*'
00:00:00.180 [DEBUG] [sway/config.c:797] Read line 148: 
00:00:00.180 [DEBUG] [sway/config.c:797] Read line 149:     # Make the current focus fullscreen
00:00:00.180 [DEBUG] [sway/config.c:797] Read line 150:     bindsym $mod+f fullscreen
00:00:00.180 [INFO] [sway/commands.c:382] Config command: bindsym $mod+f fullscreen
00:00:00.180 [INFO] [sway/commands.c:405] After replacement: bindsym Mod4+f fullscreen
00:00:00.180 [DEBUG] [sway/commands/bind.c:297] bindsym - Bound Mod4+f to command `fullscreen` for device '*'
00:00:00.180 [DEBUG] [sway/config.c:797] Read line 151: 
00:00:00.180 [DEBUG] [sway/config.c:797] Read line 152:     # Toggle the current focus between tiling and floating mode
00:00:00.180 [DEBUG] [sway/config.c:797] Read line 153:     bindsym $mod+Shift+space floating toggle
00:00:00.180 [INFO] [sway/commands.c:382] Config command: bindsym $mod+Shift+space floating toggle
00:00:00.180 [INFO] [sway/commands.c:405] After replacement: bindsym Mod4+Shift+space floating toggle
00:00:00.180 [DEBUG] [sway/commands/bind.c:297] bindsym - Bound Mod4+Shift+space to command `floating toggle` for device '*'
00:00:00.180 [DEBUG] [sway/config.c:797] Read line 154: 
00:00:00.180 [DEBUG] [sway/config.c:797] Read line 155:     # Swap focus between the tiling area and the floating area
00:00:00.180 [DEBUG] [sway/config.c:797] Read line 156:     bindsym $mod+space focus mode_toggle
00:00:00.180 [INFO] [sway/commands.c:382] Config command: bindsym $mod+space focus mode_toggle
00:00:00.180 [INFO] [sway/commands.c:405] After replacement: bindsym Mod4+space focus mode_toggle
00:00:00.180 [DEBUG] [sway/commands/bind.c:297] bindsym - Bound Mod4+space to command `focus mode_toggle` for device '*'
00:00:00.180 [DEBUG] [sway/config.c:797] Read line 157: 
00:00:00.180 [DEBUG] [sway/config.c:797] Read line 158:     # Move focus to the parent container
00:00:00.180 [DEBUG] [sway/config.c:797] Read line 159:     bindsym $mod+a focus parent
00:00:00.180 [INFO] [sway/commands.c:382] Config command: bindsym $mod+a focus parent
00:00:00.180 [INFO] [sway/commands.c:405] After replacement: bindsym Mod4+a focus parent
00:00:00.180 [DEBUG] [sway/commands/bind.c:297] bindsym - Bound Mod4+a to command `focus parent` for device '*'
00:00:00.180 [DEBUG] [sway/config.c:797] Read line 160: #
00:00:00.180 [DEBUG] [sway/config.c:797] Read line 161: # Scratchpad:
00:00:00.180 [DEBUG] [sway/config.c:797] Read line 162: #
00:00:00.180 [DEBUG] [sway/config.c:797] Read line 163:     # Sway has a "scratchpad", which is a bag of holding for windows.
00:00:00.180 [DEBUG] [sway/config.c:797] Read line 164:     # You can send windows there and get them back later.
00:00:00.180 [DEBUG] [sway/config.c:797] Read line 165: 
00:00:00.180 [DEBUG] [sway/config.c:797] Read line 166:     # Move the currently focused window to the scratchpad
00:00:00.180 [DEBUG] [sway/config.c:797] Read line 167:     bindsym $mod+Shift+minus move scratchpad
00:00:00.180 [INFO] [sway/commands.c:382] Config command: bindsym $mod+Shift+minus move scratchpad
00:00:00.180 [INFO] [sway/commands.c:405] After replacement: bindsym Mod4+Shift+minus move scratchpad
00:00:00.180 [DEBUG] [sway/commands/bind.c:297] bindsym - Bound Mod4+Shift+minus to command `move scratchpad` for device '*'
00:00:00.180 [DEBUG] [sway/config.c:797] Read line 168: 
00:00:00.180 [DEBUG] [sway/config.c:797] Read line 169:     # Show the next scratchpad window or hide the focused scratchpad window.
00:00:00.180 [DEBUG] [sway/config.c:797] Read line 170:     # If there are multiple scratchpad windows, this command cycles through them.
00:00:00.180 [DEBUG] [sway/config.c:797] Read line 171:     bindsym $mod+minus scratchpad show
00:00:00.180 [INFO] [sway/commands.c:382] Config command: bindsym $mod+minus scratchpad show
00:00:00.180 [INFO] [sway/commands.c:405] After replacement: bindsym Mod4+minus scratchpad show
00:00:00.180 [DEBUG] [sway/commands/bind.c:297] bindsym - Bound Mod4+minus to command `scratchpad show` for device '*'
00:00:00.180 [DEBUG] [sway/config.c:797] Read line 172: #
00:00:00.180 [DEBUG] [sway/config.c:797] Read line 173: # Resizing containers:
00:00:00.180 [DEBUG] [sway/config.c:797] Read line 174: #
00:00:00.180 [DEBUG] [sway/config.c:797] Read line 175: mode "resize" {
00:00:00.180 [DEBUG] [sway/config.c:851] Entering block 'mode "resize"'
00:00:00.180 [DEBUG] [sway/config.c:797] Read line 176:     # left will shrink the containers width
00:00:00.180 [DEBUG] [sway/config.c:797] Read line 177:     # right will grow the containers width
00:00:00.180 [DEBUG] [sway/config.c:797] Read line 178:     # up will shrink the containers height
00:00:00.180 [DEBUG] [sway/config.c:797] Read line 179:     # down will grow the containers height
00:00:00.180 [DEBUG] [sway/config.c:797] Read line 180:     bindsym $left resize shrink width 10px
00:00:00.180 [INFO] [sway/commands.c:382] Config command: mode "resize" bindsym $left resize shrink width 10px
00:00:00.180 [INFO] [sway/commands.c:405] After replacement: mode "resize" bindsym h resize shrink width 10px
00:00:00.180 [DEBUG] [sway/commands.c:437] Subcommand: bindsym h resize shrink width 10px
00:00:00.180 [DEBUG] [sway/commands/bind.c:297] bindsym - Bound h to command `resize shrink width 10px` for device '*'
00:00:00.180 [DEBUG] [sway/config.c:797] Read line 181:     bindsym $down resize grow height 10px
00:00:00.180 [INFO] [sway/commands.c:382] Config command: mode "resize" bindsym $down resize grow height 10px
00:00:00.180 [INFO] [sway/commands.c:405] After replacement: mode "resize" bindsym j resize grow height 10px
00:00:00.180 [DEBUG] [sway/commands.c:437] Subcommand: bindsym j resize grow height 10px
00:00:00.180 [DEBUG] [sway/commands/bind.c:297] bindsym - Bound j to command `resize grow height 10px` for device '*'
00:00:00.180 [DEBUG] [sway/config.c:797] Read line 182:     bindsym $up resize shrink height 10px
00:00:00.180 [INFO] [sway/commands.c:382] Config command: mode "resize" bindsym $up resize shrink height 10px
00:00:00.180 [INFO] [sway/commands.c:405] After replacement: mode "resize" bindsym k resize shrink height 10px
00:00:00.180 [DEBUG] [sway/commands.c:437] Subcommand: bindsym k resize shrink height 10px
00:00:00.180 [DEBUG] [sway/commands/bind.c:297] bindsym - Bound k to command `resize shrink height 10px` for device '*'
00:00:00.180 [DEBUG] [sway/config.c:797] Read line 183:     bindsym $right resize grow width 10px
00:00:00.180 [INFO] [sway/commands.c:382] Config command: mode "resize" bindsym $right resize grow width 10px
00:00:00.180 [INFO] [sway/commands.c:405] After replacement: mode "resize" bindsym l resize grow width 10px
00:00:00.180 [DEBUG] [sway/commands.c:437] Subcommand: bindsym l resize grow width 10px
00:00:00.180 [DEBUG] [sway/commands/bind.c:297] bindsym - Bound l to command `resize grow width 10px` for device '*'
00:00:00.180 [DEBUG] [sway/config.c:797] Read line 184: 
00:00:00.180 [DEBUG] [sway/config.c:797] Read line 185:     # Ditto, with arrow keys
00:00:00.180 [DEBUG] [sway/config.c:797] Read line 186:     bindsym Left resize shrink width 10px
00:00:00.180 [INFO] [sway/commands.c:382] Config command: mode "resize" bindsym Left resize shrink width 10px
00:00:00.180 [INFO] [sway/commands.c:405] After replacement: mode "resize" bindsym Left resize shrink width 10px
00:00:00.180 [DEBUG] [sway/commands.c:437] Subcommand: bindsym Left resize shrink width 10px
00:00:00.180 [DEBUG] [sway/commands/bind.c:297] bindsym - Bound Left to command `resize shrink width 10px` for device '*'
00:00:00.180 [DEBUG] [sway/config.c:797] Read line 187:     bindsym Down resize grow height 10px
00:00:00.180 [INFO] [sway/commands.c:382] Config command: mode "resize" bindsym Down resize grow height 10px
00:00:00.180 [INFO] [sway/commands.c:405] After replacement: mode "resize" bindsym Down resize grow height 10px
00:00:00.180 [DEBUG] [sway/commands.c:437] Subcommand: bindsym Down resize grow height 10px
00:00:00.180 [DEBUG] [sway/commands/bind.c:297] bindsym - Bound Down to command `resize grow height 10px` for device '*'
00:00:00.180 [DEBUG] [sway/config.c:797] Read line 188:     bindsym Up resize shrink height 10px
00:00:00.180 [INFO] [sway/commands.c:382] Config command: mode "resize" bindsym Up resize shrink height 10px
00:00:00.180 [INFO] [sway/commands.c:405] After replacement: mode "resize" bindsym Up resize shrink height 10px
00:00:00.180 [DEBUG] [sway/commands.c:437] Subcommand: bindsym Up resize shrink height 10px
00:00:00.180 [DEBUG] [sway/commands/bind.c:297] bindsym - Bound Up to command `resize shrink height 10px` for device '*'
00:00:00.180 [DEBUG] [sway/config.c:797] Read line 189:     bindsym Right resize grow width 10px
00:00:00.180 [INFO] [sway/commands.c:382] Config command: mode "resize" bindsym Right resize grow width 10px
00:00:00.180 [INFO] [sway/commands.c:405] After replacement: mode "resize" bindsym Right resize grow width 10px
00:00:00.180 [DEBUG] [sway/commands.c:437] Subcommand: bindsym Right resize grow width 10px
00:00:00.180 [DEBUG] [sway/commands/bind.c:297] bindsym - Bound Right to command `resize grow width 10px` for device '*'
00:00:00.180 [DEBUG] [sway/config.c:797] Read line 190: 
00:00:00.180 [DEBUG] [sway/config.c:797] Read line 191:     # Return to default mode
00:00:00.180 [DEBUG] [sway/config.c:797] Read line 192:     bindsym Return mode "default"
00:00:00.180 [INFO] [sway/commands.c:382] Config command: mode "resize" bindsym Return mode "default"
00:00:00.180 [INFO] [sway/commands.c:405] After replacement: mode "resize" bindsym Return mode "default"
00:00:00.180 [DEBUG] [sway/commands.c:437] Subcommand: bindsym Return mode "default"
00:00:00.180 [DEBUG] [sway/commands/bind.c:297] bindsym - Bound Return to command `mode "default"` for device '*'
00:00:00.180 [DEBUG] [sway/config.c:797] Read line 193:     bindsym Escape mode "default"
00:00:00.180 [INFO] [sway/commands.c:382] Config command: mode "resize" bindsym Escape mode "default"
00:00:00.180 [INFO] [sway/commands.c:405] After replacement: mode "resize" bindsym Escape mode "default"
00:00:00.180 [DEBUG] [sway/commands.c:437] Subcommand: bindsym Escape mode "default"
00:00:00.180 [DEBUG] [sway/commands/bind.c:297] bindsym - Bound Escape to command `mode "default"` for device '*'
00:00:00.180 [DEBUG] [sway/config.c:797] Read line 194: }
00:00:00.180 [DEBUG] [sway/config.c:868] Exiting block 'mode "resize"'
00:00:00.180 [DEBUG] [sway/config.c:797] Read line 195: bindsym $mod+r mode "resize"
00:00:00.180 [INFO] [sway/commands.c:382] Config command: bindsym $mod+r mode "resize"
00:00:00.180 [INFO] [sway/commands.c:405] After replacement: bindsym Mod4+r mode "resize"
00:00:00.180 [DEBUG] [sway/commands/bind.c:297] bindsym - Bound Mod4+r to command `mode "resize"` for device '*'
00:00:00.180 [DEBUG] [sway/config.c:797] Read line 196: #
00:00:00.180 [DEBUG] [sway/config.c:797] Read line 197: # Utilities:
00:00:00.180 [DEBUG] [sway/config.c:797] Read line 198: #
00:00:00.180 [DEBUG] [sway/config.c:797] Read line 199:     # Special keys to adjust volume via PulseAudio
00:00:00.180 [DEBUG] [sway/config.c:797] Read line 200:     bindsym --locked XF86AudioMute exec pactl set-sink-mute \@DEFAULT_SINK@ toggle
00:00:00.180 [INFO] [sway/commands.c:382] Config command: bindsym --locked XF86AudioMute exec pactl set-sink-mute \@DEFAULT_SINK@ toggle
00:00:00.180 [INFO] [sway/commands.c:405] After replacement: bindsym --locked XF86AudioMute exec pactl set-sink-mute \@DEFAULT_SINK@ toggle
00:00:00.180 [DEBUG] [sway/commands/bind.c:297] bindsym - Bound XF86AudioMute to command `exec pactl set-sink-mute \@DEFAULT_SINK@ toggle` for device '*'
00:00:00.180 [DEBUG] [sway/config.c:797] Read line 201:     bindsym --locked XF86AudioLowerVolume exec pactl set-sink-volume \@DEFAULT_SINK@ -5%
00:00:00.180 [INFO] [sway/commands.c:382] Config command: bindsym --locked XF86AudioLowerVolume exec pactl set-sink-volume \@DEFAULT_SINK@ -5%
00:00:00.180 [INFO] [sway/commands.c:405] After replacement: bindsym --locked XF86AudioLowerVolume exec pactl set-sink-volume \@DEFAULT_SINK@ -5%
00:00:00.180 [DEBUG] [sway/commands/bind.c:297] bindsym - Bound XF86AudioLowerVolume to command `exec pactl set-sink-volume \@DEFAULT_SINK@ -5%` for device '*'
00:00:00.180 [DEBUG] [sway/config.c:797] Read line 202:     bindsym --locked XF86AudioRaiseVolume exec pactl set-sink-volume \@DEFAULT_SINK@ +5%
00:00:00.180 [INFO] [sway/commands.c:382] Config command: bindsym --locked XF86AudioRaiseVolume exec pactl set-sink-volume \@DEFAULT_SINK@ +5%
00:00:00.180 [INFO] [sway/commands.c:405] After replacement: bindsym --locked XF86AudioRaiseVolume exec pactl set-sink-volume \@DEFAULT_SINK@ +5%
00:00:00.180 [DEBUG] [sway/commands/bind.c:297] bindsym - Bound XF86AudioRaiseVolume to command `exec pactl set-sink-volume \@DEFAULT_SINK@ +5%` for device '*'
00:00:00.180 [DEBUG] [sway/config.c:797] Read line 203:     bindsym --locked XF86AudioMicMute exec pactl set-source-mute \@DEFAULT_SOURCE@ toggle
00:00:00.180 [INFO] [sway/commands.c:382] Config command: bindsym --locked XF86AudioMicMute exec pactl set-source-mute \@DEFAULT_SOURCE@ toggle
00:00:00.180 [INFO] [sway/commands.c:405] After replacement: bindsym --locked XF86AudioMicMute exec pactl set-source-mute \@DEFAULT_SOURCE@ toggle
00:00:00.180 [DEBUG] [sway/commands/bind.c:297] bindsym - Bound XF86AudioMicMute to command `exec pactl set-source-mute \@DEFAULT_SOURCE@ toggle` for device '*'
00:00:00.180 [DEBUG] [sway/config.c:797] Read line 204:     # Special keys to adjust brightness via brightnessctl
00:00:00.180 [DEBUG] [sway/config.c:797] Read line 205:     bindsym --locked XF86MonBrightnessDown exec brightnessctl set 5%-
00:00:00.180 [INFO] [sway/commands.c:382] Config command: bindsym --locked XF86MonBrightnessDown exec brightnessctl set 5%-
00:00:00.180 [INFO] [sway/commands.c:405] After replacement: bindsym --locked XF86MonBrightnessDown exec brightnessctl set 5%-
00:00:00.180 [DEBUG] [sway/commands/bind.c:297] bindsym - Bound XF86MonBrightnessDown to command `exec brightnessctl set 5%-` for device '*'
00:00:00.180 [DEBUG] [sway/config.c:797] Read line 206:     bindsym --locked XF86MonBrightnessUp exec brightnessctl set 5%+
00:00:00.180 [INFO] [sway/commands.c:382] Config command: bindsym --locked XF86MonBrightnessUp exec brightnessctl set 5%+
00:00:00.180 [INFO] [sway/commands.c:405] After replacement: bindsym --locked XF86MonBrightnessUp exec brightnessctl set 5%+
00:00:00.180 [DEBUG] [sway/commands/bind.c:297] bindsym - Bound XF86MonBrightnessUp to command `exec brightnessctl set 5%+` for device '*'
00:00:00.180 [DEBUG] [sway/config.c:797] Read line 207:     # Special key to take a screenshot with grim
00:00:00.180 [DEBUG] [sway/config.c:797] Read line 208:     bindsym Print exec grim
00:00:00.180 [INFO] [sway/commands.c:382] Config command: bindsym Print exec grim
00:00:00.180 [INFO] [sway/commands.c:405] After replacement: bindsym Print exec grim
00:00:00.180 [DEBUG] [sway/commands/bind.c:297] bindsym - Bound Print to command `exec grim` for device '*'
00:00:00.180 [DEBUG] [sway/config.c:797] Read line 209: 
00:00:00.180 [DEBUG] [sway/config.c:797] Read line 210: #
00:00:00.180 [DEBUG] [sway/config.c:797] Read line 211: # Status Bar:
00:00:00.180 [DEBUG] [sway/config.c:797] Read line 212: #
00:00:00.180 [DEBUG] [sway/config.c:797] Read line 213: # Read `man 5 sway-bar` for more information about this section.
00:00:00.180 [DEBUG] [sway/config.c:797] Read line 214: bar {
00:00:00.180 [DEBUG] [sway/config.c:851] Entering block 'bar'
00:00:00.180 [DEBUG] [sway/config.c:797] Read line 215:     position top
00:00:00.180 [INFO] [sway/commands.c:382] Config command: bar position top
00:00:00.180 [INFO] [sway/commands.c:405] After replacement: bar position top
00:00:00.180 [DEBUG] [sway/commands/bar.c:90] Creating bar: bar-0
00:00:00.180 [DEBUG] [sway/commands.c:437] Subcommand: position top
00:00:00.180 [DEBUG] [sway/commands/bar/position.c:14] Setting bar position 'top' for bar: bar-0
00:00:00.180 [DEBUG] [sway/config.c:797] Read line 216: 
00:00:00.180 [DEBUG] [sway/config.c:797] Read line 217:     # When the status_command prints a new line to stdout, swaybar updates.
00:00:00.180 [DEBUG] [sway/config.c:797] Read line 218:     # The default just shows the current date and time.
00:00:00.180 [DEBUG] [sway/config.c:797] Read line 219:     status_command while date +'%Y-%m-%d %X'; do sleep 1; done
00:00:00.180 [INFO] [sway/commands.c:382] Config command: bar status_command while date +'%Y-%m-%d %X'; do sleep 1; done
00:00:00.180 [INFO] [sway/commands.c:405] After replacement: bar status_command while date +'%Y-%m-%d %X'; do sleep 1; done
00:00:00.180 [DEBUG] [sway/commands.c:437] Subcommand: status_command while date +'%Y-%m-%d %X'; do sleep 1; done
00:00:00.180 [DEBUG] [sway/commands/bar/status_command.c:17] Feeding bar with status command: while date +'%Y-%m-%d %X'; do sleep 1; done
00:00:00.180 [DEBUG] [sway/config.c:797] Read line 220: 
00:00:00.180 [DEBUG] [sway/config.c:797] Read line 221:     colors {
00:00:00.180 [DEBUG] [sway/config.c:851] Entering block 'bar colors'
00:00:00.180 [DEBUG] [sway/config.c:797] Read line 222:         statusline #ffffff
00:00:00.180 [INFO] [sway/commands.c:382] Config command: bar colors statusline #ffffff
00:00:00.180 [INFO] [sway/commands.c:405] After replacement: bar colors statusline #ffffff
00:00:00.180 [DEBUG] [sway/commands.c:437] Subcommand: colors statusline #ffffff
00:00:00.180 [DEBUG] [sway/commands.c:437] Subcommand: statusline #ffffff
00:00:00.180 [DEBUG] [sway/config.c:797] Read line 223:         background #323232
00:00:00.180 [INFO] [sway/commands.c:382] Config command: bar colors background #323232
00:00:00.180 [INFO] [sway/commands.c:405] After replacement: bar colors background #323232
00:00:00.180 [DEBUG] [sway/commands.c:437] Subcommand: colors background #323232
00:00:00.180 [DEBUG] [sway/commands.c:437] Subcommand: background #323232
00:00:00.180 [DEBUG] [sway/config.c:797] Read line 224:         inactive_workspace #32323200 #32323200 #5c5c5c
00:00:00.180 [INFO] [sway/commands.c:382] Config command: bar colors inactive_workspace #32323200 #32323200 #5c5c5c
00:00:00.180 [INFO] [sway/commands.c:405] After replacement: bar colors inactive_workspace #32323200 #32323200 #5c5c5c
00:00:00.180 [DEBUG] [sway/commands.c:437] Subcommand: colors inactive_workspace #32323200 #32323200 #5c5c5c
00:00:00.180 [DEBUG] [sway/commands.c:437] Subcommand: inactive_workspace #32323200 #32323200 #5c5c5c
00:00:00.180 [DEBUG] [sway/config.c:797] Read line 225:     }
00:00:00.180 [DEBUG] [sway/config.c:868] Exiting block 'bar colors'
00:00:00.180 [DEBUG] [sway/config.c:797] Read line 226: }
00:00:00.180 [DEBUG] [sway/config.c:868] Exiting block 'bar'
00:00:00.180 [DEBUG] [sway/config.c:797] Read line 227: 
00:00:00.180 [DEBUG] [sway/config.c:797] Read line 228: include_one $HOME/.config/regolith2/sway/config.d/* /usr/local/etc/sway/config.d/*
00:00:00.180 [INFO] [sway/commands.c:382] Config command: include_one $HOME/.config/regolith2/sway/config.d/* /usr/local/etc/sway/config.d/*
00:00:00.180 [INFO] [sway/commands.c:405] After replacement: include_one $HOME/.config/regolith2/sway/config.d/* /usr/local/etc/sway/config.d/*
00:00:00.181 [DEBUG] [sway/commands/include_one.c:38] Files to include:
00:00:00.181 [DEBUG] [sway/commands/include_one.c:41]  - 10_keybindings
00:00:00.181 [DEBUG] [sway/commands/include_one.c:41]  - 10_test.conf
00:00:00.181 [DEBUG] [sway/commands/include_one.c:41]  - 20_startup
00:00:00.181 [DEBUG] [sway/commands/include_one.c:41]  - 50_terminal
00:00:00.181 [DEBUG] [sway/commands/include_one.c:41]  - 10_keybindings
00:00:00.181 [DEBUG] [sway/commands/include_one.c:41]  - 10_test.conf
00:00:00.181 [DEBUG] [sway/commands/include_one.c:41]  - 20_another.conf
00:00:00.181 [DEBUG] [sway/commands/include_one.c:41]  - 30_terminal
00:00:00.181 [INFO] [sway/config.c:422] Loading config from /home/ronak/.config/regolith2/sway/config.d/10_keybindings
00:00:00.181 [DEBUG] [sway/config.c:797] Read line 1: set $mod Mod4
00:00:00.181 [INFO] [sway/commands.c:382] Config command: set $mod Mod4
00:00:00.181 [INFO] [sway/commands.c:405] After replacement: set $mod Mod4
00:00:00.181 [INFO] [sway/config.c:422] Loading config from /home/ronak/.config/regolith2/sway/config.d/10_test.conf
00:00:00.181 [DEBUG] [sway/config.c:797] Read line 1: set $test_var user_value
00:00:00.181 [INFO] [sway/commands.c:382] Config command: set $test_var user_value
00:00:00.181 [INFO] [sway/commands.c:405] After replacement: set $test_var user_value
00:00:00.181 [INFO] [sway/config.c:422] Loading config from /home/ronak/.config/regolith2/sway/config.d/20_startup
00:00:00.181 [DEBUG] [sway/config.c:797] Read line 1: exec firefox
00:00:00.181 [INFO] [sway/commands.c:382] Config command: exec firefox
00:00:00.181 [INFO] [sway/commands.c:405] After replacement: exec firefox
00:00:00.181 [DEBUG] [sway/config.c:841] Deferring command `exec firefox'
00:00:00.181 [INFO] [sway/config.c:422] Loading config from /home/ronak/.config/regolith2/sway/config.d/50_terminal
00:00:00.181 [DEBUG] [sway/config.c:797] Read line 1: bindsym Mod1+Shift+Return exec alacritty
00:00:00.181 [INFO] [sway/commands.c:382] Config command: bindsym Mod1+Shift+Return exec alacritty
00:00:00.181 [INFO] [sway/commands.c:405] After replacement: bindsym Mod1+Shift+Return exec alacritty
00:00:00.181 [DEBUG] [sway/commands/bind.c:297] bindsym - Bound Mod1+Shift+Return to command `exec alacritty` for device '*'
00:00:00.181 [DEBUG] [sway/commands/include_one.c:58] Skipping duplicate include: 10_keybindings
00:00:00.181 [DEBUG] [sway/commands/include_one.c:58] Skipping duplicate include: 10_test.conf
00:00:00.181 [INFO] [sway/config.c:422] Loading config from /usr/local/etc/sway/config.d/20_another.conf
00:00:00.181 [DEBUG] [sway/config.c:797] Read line 1: set $another_var system_only
00:00:00.181 [INFO] [sway/commands.c:382] Config command: set $another_var system_only
00:00:00.181 [INFO] [sway/commands.c:405] After replacement: set $another_var system_only
00:00:00.181 [INFO] [sway/config.c:422] Loading config from /usr/local/etc/sway/config.d/30_terminal
00:00:00.182 [DEBUG] [sway/config.c:797] Read line 1: exec alacritty
00:00:00.182 [INFO] [sway/commands.c:382] Config command: exec alacritty
00:00:00.182 [INFO] [sway/commands.c:405] After replacement: exec alacritty
00:00:00.182 [DEBUG] [sway/config.c:841] Deferring command `exec alacritty'
00:00:00.182 [DEBUG] [sway/commands/include_one.c:69] Include process completed
00:00:00.207 [DEBUG] [sway/input/input-manager.c:190] no fallback seat config - creating default
00:00:00.207 [DEBUG] [sway/config/seat.c:65] Adding non-wildcard seat config
00:00:00.207 [DEBUG] [sway/config/seat.c:82] Config stored for seat seat0
00:00:00.207 [DEBUG] [sway/input/input-manager.c:629] applying seat config for seat seat0
00:00:00.207 [DEBUG] [sway/input/input-manager.c:629] applying seat config for seat seat0
00:00:00.207 [DEBUG] [sway/config/output.c:1155] spawn_swaybg cmd[0] = swaybg
00:00:00.207 [DEBUG] [sway/config/output.c:1155] spawn_swaybg cmd[1] = -o
00:00:00.207 [DEBUG] [sway/config/output.c:1155] spawn_swaybg cmd[2] = *
00:00:00.207 [DEBUG] [sway/config/output.c:1155] spawn_swaybg cmd[3] = -i
00:00:00.207 [DEBUG] [sway/config/output.c:1155] spawn_swaybg cmd[4] = /usr/local/share/backgrounds/sway/Sway_Wallpaper_Blue_1920x1080.png
00:00:00.207 [DEBUG] [sway/config/output.c:1155] spawn_swaybg cmd[5] = -m
00:00:00.207 [DEBUG] [sway/config/output.c:1155] spawn_swaybg cmd[6] = fill
00:00:00.222 [INFO] [sway/realtime.c:35] Failed to set scheduling priority to 1
00:00:00.222 [INFO] [sway/server.c:500] Starting backend on wayland display 'wayland-1'
00:00:00.222 [INFO] [wlr] [backend/wayland/backend.c:446] Starting Wayland backend
00:00:00.222 [DEBUG] [sway/input/input-manager.c:240] adding device: '0:0:wayland-keyboard-seat0'
00:00:00.222 [DEBUG] [sway/input/seat.c:945] adding device 0:0:wayland-keyboard-seat0 to seat seat0
00:00:00.230 [DEBUG] [sway/input/keyboard.c:947] Created keyboard group 0xc5be8487e8d0
00:00:00.230 [DEBUG] [sway/input/keyboard.c:970] Adding keyboard 0:0:wayland-keyboard-seat0 to group 0xc5be8487e8d0
00:00:00.231 [DEBUG] [sway/desktop/output.c:532] New output 0xc5be8489a840: WL-1 (non-desktop: 0)
00:00:00.231 [DEBUG] [wlr] [backend/wayland/pointer.c:459] creating pointer for output 'WL-1' from seat 'seat0'
00:00:00.231 [DEBUG] [sway/input/input-manager.c:240] adding device: '0:0:wayland-pointer-seat0'
00:00:00.231 [DEBUG] [sway/input/seat.c:945] adding device 0:0:wayland-pointer-seat0 to seat seat0
00:00:00.231 [DEBUG] [sway/input/seat.c:694] Applying input mapping to 0:0:wayland-pointer-seat0
00:00:00.231 [DEBUG] [sway/input/seat.c:740] Mapping input device 0:0:wayland-pointer-seat0 to output WL-1
00:00:00.231 [DEBUG] [sway/input/seat.c:752] Requested output WL-1 for device 0:0:wayland-pointer-seat0 isn't present
00:00:00.231 [INFO] [wlr] [backend/headless/backend.c:17] Starting headless backend
00:00:00.231 [DEBUG] [sway/config/output.c:870] Committing 1 outputs
00:00:00.231 [DEBUG] [sway/config/output.c:633] Output state for WL-1
00:00:00.231 [DEBUG] [sway/config/output.c:635]     enabled:       yes
00:00:00.231 [DEBUG] [sway/config/output.c:639]     render_format: XR24
00:00:00.231 [DEBUG] [sway/config/output.c:657]     scale:         1.000000
00:00:00.231 [DEBUG] [sway/config/output.c:660]     subpixel:      unknown
00:00:00.231 [DEBUG] [wlr] [types/wlr_output_swapchain_manager.c:160] Preparing test commit for 1 outputs with explicit modifiers
00:00:00.231 [DEBUG] [wlr] [render/swapchain.c:101] Allocating new swapchain buffer
00:00:00.231 [DEBUG] [wlr] [render/allocator/gbm.c:146] Allocated 1280x720 GBM buffer with format XR24 (0x34325258), modifier INVALID (0x00FFFFFFFFFFFFFF)
00:00:00.232 [DEBUG] [wlr] [types/wlr_output_swapchain_manager.c:181] Test commit for 1 outputs succeeded
00:00:00.232 [DEBUG] [wlr] [render/gles2/renderer.c:157] Created GL FBO for buffer 1280x720
00:00:00.283 [DEBUG] [wlr] [backend/wayland/output.c:217] DMA-BUF imported into parent Wayland compositor
00:00:00.283 [DEBUG] [sway/config/output.c:930] Commit of 1 outputs succeeded
00:00:00.284 [DEBUG] [sway/config/output.c:936] Finalizing config for WL-1
00:00:00.289 [DEBUG] [wlr] [xcursor/wlr_xcursor.c:224] Loaded cursor theme 'default' at size 24 (88 available cursors)
00:00:00.289 [DEBUG] [wlr] [render/swapchain.c:101] Allocating new swapchain buffer
00:00:00.290 [DEBUG] [wlr] [render/allocator/gbm.c:146] Allocated 24x24 GBM buffer with format AR24 (0x34325241), modifier INVALID (0x00FFFFFFFFFFFFFF)
00:00:00.290 [DEBUG] [wlr] [render/gles2/renderer.c:157] Created GL FBO for buffer 24x24
00:00:00.290 [DEBUG] [wlr] [backend/wayland/output.c:217] DMA-BUF imported into parent Wayland compositor
00:00:00.290 [DEBUG] [sway/tree/workspace.c:294] Workspace: Generating new workspace name for output WL-1
00:00:00.290 [DEBUG] [sway/tree/workspace.c:231] Got valid workspace command for target: 'number 1'
00:00:00.290 [DEBUG] [sway/tree/workspace.c:256] Isolated name from workspace number: '1'
00:00:00.290 [DEBUG] [sway/tree/workspace.c:285] Workspace: Found free name 1
00:00:00.290 [DEBUG] [sway/tree/workspace.c:231] Got valid workspace command for target: 'number 2'
00:00:00.290 [DEBUG] [sway/tree/workspace.c:256] Isolated name from workspace number: '2'
00:00:00.290 [DEBUG] [sway/tree/workspace.c:231] Got valid workspace command for target: 'number 3'
00:00:00.290 [DEBUG] [sway/tree/workspace.c:256] Isolated name from workspace number: '3'
00:00:00.290 [DEBUG] [sway/tree/workspace.c:231] Got valid workspace command for target: 'number 4'
00:00:00.290 [DEBUG] [sway/tree/workspace.c:256] Isolated name from workspace number: '4'
00:00:00.290 [DEBUG] [sway/tree/workspace.c:231] Got valid workspace command for target: 'number 5'
00:00:00.290 [DEBUG] [sway/tree/workspace.c:256] Isolated name from workspace number: '5'
00:00:00.290 [DEBUG] [sway/tree/workspace.c:231] Got valid workspace command for target: 'number 6'
00:00:00.290 [DEBUG] [sway/tree/workspace.c:256] Isolated name from workspace number: '6'
00:00:00.290 [DEBUG] [sway/tree/workspace.c:231] Got valid workspace command for target: 'number 7'
00:00:00.290 [DEBUG] [sway/tree/workspace.c:256] Isolated name from workspace number: '7'
00:00:00.290 [DEBUG] [sway/tree/workspace.c:231] Got valid workspace command for target: 'number 8'
00:00:00.290 [DEBUG] [sway/tree/workspace.c:256] Isolated name from workspace number: '8'
00:00:00.290 [DEBUG] [sway/tree/workspace.c:231] Got valid workspace command for target: 'number 9'
00:00:00.290 [DEBUG] [sway/tree/workspace.c:256] Isolated name from workspace number: '9'
00:00:00.290 [DEBUG] [sway/tree/workspace.c:231] Got valid workspace command for target: 'number 10'
00:00:00.290 [DEBUG] [sway/tree/workspace.c:256] Isolated name from workspace number: '10'
00:00:00.290 [DEBUG] [sway/tree/output.c:163] Creating default workspace 1
00:00:00.290 [DEBUG] [sway/tree/workspace.c:65] Adding workspace 1 for output WL-1
00:00:00.290 [DEBUG] [sway/desktop/layer_shell.c:96] Usable area changed, rearranging output
00:00:00.290 [DEBUG] [sway/tree/arrange.c:262] Usable area for ws: 1280x720@0,0
00:00:00.290 [DEBUG] [sway/tree/arrange.c:296] Arranging workspace '1' at 0.000000, 0.000000
00:00:00.290 [DEBUG] [sway/tree/arrange.c:262] Usable area for ws: 1280x720@0,0
00:00:00.290 [DEBUG] [sway/tree/arrange.c:296] Arranging workspace '1' at 0.000000, 0.000000
00:00:00.290 [DEBUG] [sway/desktop/transaction.c:799] Transaction 0xc5be848c6820 committing with 2 instructions
00:00:00.290 [DEBUG] [sway/desktop/transaction.c:695] Applying transaction 0xc5be848c6820
00:00:00.291 [DEBUG] [sway/input/seat.c:694] Applying input mapping to 0:0:wayland-pointer-seat0
00:00:00.291 [DEBUG] [sway/input/seat.c:740] Mapping input device 0:0:wayland-pointer-seat0 to output WL-1
00:00:00.291 [DEBUG] [sway/input/seat.c:760] Mapped to output WL-1
00:00:00.291 [DEBUG] [sway/config/bar.c:265] Invoking swaybar for bar id 'bar-0'
00:00:00.295 [DEBUG] [sway/config/bar.c:258] Spawned swaybar bar-0
00:00:00.295 [DEBUG] [sway/config.c:646] Running deferred commands
00:00:00.295 [INFO] [sway/commands.c:262] Handling command 'exec firefox'
00:00:00.295 [DEBUG] [sway/commands/exec_always.c:57] Executing firefox
00:00:00.298 [DEBUG] [sway/commands/exec_always.c:110] Child process created with pid 103891
00:00:00.298 [DEBUG] [sway/commands/exec_always.c:112] Recording workspace for process 103891
00:00:00.298 [INFO] [sway/commands.c:262] Handling command 'exec alacritty'
00:00:00.298 [DEBUG] [sway/commands/exec_always.c:57] Executing alacritty
00:00:00.300 [DEBUG] [sway/commands/exec_always.c:110] Child process created with pid 103895
00:00:00.300 [DEBUG] [sway/commands/exec_always.c:112] Recording workspace for process 103895
00:00:00.300 [INFO] [sway/server.c:512] Running compositor on wayland display 'wayland-1'
2025-03-14 05:23:03 - [main.c:299] Found config * for output WL-1 ((null))
00:00:00.300 [DEBUG] [wlr] [types/wlr_compositor.c:785] New wlr_surface 0xc5be848cb9e0 (res 0xc5be8488f170)
00:00:00.300 [DEBUG] [wlr] [types/wlr_layer_shell_v1.c:502] new layer_surface 0xc5be848cbdb0 (res 0xc5be8488de00)
00:00:00.300 [DEBUG] [sway/desktop/layer_shell.c:416] new layer surface: namespace wallpaper layer 0 anchor 0 size 0x0 margin 0,0,0,0,
sh: 1: alacritty: not found
00:00:00.301 [DEBUG] [sway/ipc-server.c:196] New client: fd 30
00:00:00.302 [DEBUG] [sway/ipc-server.c:196] New client: fd 34
00:00:00.342 [DEBUG] [wlr] [types/wlr_compositor.c:785] New wlr_surface 0xc5be84939760 (res 0xc5be84894140)
00:00:00.342 [DEBUG] [wlr] [types/wlr_layer_shell_v1.c:502] new layer_surface 0xc5be84937c60 (res 0xc5be84894260)
00:00:00.342 [DEBUG] [sway/desktop/layer_shell.c:416] new layer surface: namespace panel layer 1 anchor 0 size 0x0 margin 0,0,0,0,
00:00:00.053 [INFO] [swaybar/tray/host.c:24] Registering Status Notifier Item ':1.98/org/ayatana/NotificationItem/software_update_available'
00:00:00.053 [INFO] [swaybar/tray/host.c:24] Registering Status Notifier Item ':1.98/org/ayatana/NotificationItem/livepatch'
00:00:00.358 [DEBUG] [sway/desktop/layer_shell.c:96] Usable area changed, rearranging output
00:00:00.358 [DEBUG] [sway/tree/arrange.c:262] Usable area for ws: 1280x697@0,23
00:00:00.358 [DEBUG] [sway/tree/arrange.c:296] Arranging workspace '1' at 0.000000, 23.000000
00:00:00.358 [DEBUG] [sway/desktop/transaction.c:799] Transaction 0xc5be8483aef0 committing with 1 instructions
00:00:00.358 [DEBUG] [sway/desktop/transaction.c:695] Applying transaction 0xc5be8483aef0
00:00:00.358 [DEBUG] [wlr] [render/swapchain.c:101] Allocating new swapchain buffer
00:00:00.358 [DEBUG] [wlr] [render/allocator/gbm.c:146] Allocated 1280x720 GBM buffer with format XR24 (0x34325258), modifier INVALID (0x00FFFFFFFFFFFFFF)
00:00:00.358 [DEBUG] [wlr] [render/gles2/renderer.c:157] Created GL FBO for buffer 1280x720
00:00:00.060 [ERROR] [swaybar/tray/item.c:127] :1.98/org/ayatana/NotificationItem/software_update_available IconPixmap: No such property “IconPixmap”
00:00:00.062 [ERROR] [swaybar/tray/item.c:127] :1.98/org/ayatana/NotificationItem/software_update_available AttentionIconPixmap: No such property “AttentionIconPixmap”
00:00:00.063 [ERROR] [swaybar/tray/item.c:127] :1.98/org/ayatana/NotificationItem/software_update_available ItemIsMenu: No such property “ItemIsMenu”
00:00:00.065 [ERROR] [swaybar/tray/item.c:127] :1.98/org/ayatana/NotificationItem/livepatch IconPixmap: No such property “IconPixmap”
00:00:00.065 [ERROR] [swaybar/tray/item.c:127] :1.98/org/ayatana/NotificationItem/livepatch AttentionIconPixmap: No such property “AttentionIconPixmap”
00:00:00.065 [ERROR] [swaybar/tray/item.c:127] :1.98/org/ayatana/NotificationItem/livepatch ItemIsMenu: No such property “ItemIsMenu”
00:00:00.369 [DEBUG] [wlr] [backend/wayland/output.c:217] DMA-BUF imported into parent Wayland compositor
Gtk-Message: 05:23:04.170: Not loading module "atk-bridge": The functionality is provided by GTK natively. Please try to not load it.
00:00:00.971 [DEBUG] [wlr] [types/wlr_compositor.c:785] New wlr_surface 0xc5be8493fcd0 (res 0xc5be8489d620)
00:00:00.971 [DEBUG] [wlr] [types/wlr_compositor.c:785] New wlr_surface 0xc5be849400a0 (res 0xc5be8489d980)
00:00:04.484 [DEBUG] [sway/commands/bind.c:617] running command for binding: exec foot
00:00:04.484 [INFO] [sway/commands.c:262] Handling command 'exec foot'
00:00:04.484 [DEBUG] [sway/commands/exec_always.c:57] Executing foot
00:00:04.504 [DEBUG] [sway/commands/exec_always.c:110] Child process created with pid 104059
00:00:04.504 [DEBUG] [sway/commands/exec_always.c:112] Recording workspace for process 104059
info: main.c:420: version: 1.11.0 -pgo +ime -graphemes -assertions
info: main.c:427: arch: Linux aarch64/64-bit
info: main.c:439: locale: en_IN
warn: config.c:2928: no configuration found, using defaults
info: fcft.c:314: fcft: 3.0.1 +graphemes -runs -assertions
info: fcft.c:324: fontconfig: 2.13.1
info: fcft.c:330: freetype: 2.11.1
info: fcft.c:794: /usr/share/fonts/truetype/dejavu/DejaVuSansMono.ttf: size=8.00pt/8px, dpi=75.00
info: wayland.c:1283: WL-1: 1280x720+0x0@0Hz Unknown 0.00" scale=1 PPI=0x0 (physical) PPI=0x0 (logical), DPI=0.00
info: wayland.c:1436: requesting SSD decorations
info: fcft.c:794: /usr/share/fonts/truetype/dejavu/DejaVuSansMono-Bold.ttf: size=8.00pt/11px, dpi=96.00
info: fcft.c:794: /usr/share/fonts/truetype/dejavu/DejaVuSansMono.ttf: size=8.00pt/11px, dpi=96.00
info: fcft.c:794: /usr/share/fonts/truetype/dejavu/DejaVuSansMono.ttf: size=8.00pt/11px, dpi=96.00
info: fcft.c:794: /usr/share/fonts/truetype/dejavu/DejaVuSansMono-Bold.ttf: size=8.00pt/11px, dpi=96.00
info: terminal.c:694: cell width=7, height=14
info: terminal.c:582: using 4 rendering threads
00:00:04.558 [DEBUG] [wlr] [types/wlr_compositor.c:785] New wlr_surface 0xc5be849516f0 (res 0xc5be848973e0)
00:00:04.558 [DEBUG] [wlr] [types/wlr_compositor.c:785] New wlr_surface 0xc5be84951ac0 (res 0xc5be84897620)
00:00:04.558 [DEBUG] [wlr] [types/xdg_shell/wlr_xdg_surface.c:430] new xdg_surface 0xc5be84951e90 (res 0xc5be84897860)
00:00:04.558 [DEBUG] [sway/desktop/xdg_shell.c:543] New xdg_shell toplevel title='(null)' app_id='(null)'
00:00:04.558 [DEBUG] [wlr] [types/wlr_xdg_decoration_v1.c:220] new xdg_toplevel_decoration 0xc5be849525a0 (res 0xc5be84897f20)
xkbcommon: ERROR: couldn't find a Compose file for locale "en_IN" (mapped to "en_IN")
warn: input.c:666: failed to instantiate compose table; dead keys will not work
info: wayland.c:801: using SSD decorations
00:00:04.574 [DEBUG] [sway/tree/arrange.c:262] Usable area for ws: 1280x697@0,23
00:00:04.574 [DEBUG] [sway/tree/arrange.c:296] Arranging workspace '1' at 0.000000, 23.000000
00:00:04.574 [DEBUG] [sway/tree/arrange.c:76] Arranging 0xffffc07cfbc8 horizontally
00:00:04.574 [DEBUG] [sway/desktop/transaction.c:799] Transaction 0xc5be8488bdc0 committing with 3 instructions
00:00:04.579 [DEBUG] [sway/desktop/transaction.c:885] Transaction 0xc5be8488bdc0 is ready
00:00:04.579 [DEBUG] [sway/desktop/transaction.c:695] Applying transaction 0xc5be8488bdc0
info: wayland.c:1615: cursor theme: (null), size: 24, scale: 1
 err: render.c:3808: failed to load xcursor pointer 'text'
 err: render.c:3808: failed to load xcursor pointer 'text'
